Determining if the function __infinity exists failed with the following output:
Change Dir: /Users/dhorton/beachdog-enterprises/beachdog-networks/git/ssp/deps/mysql-connector-c-6.1.1-src/CMakeFiles/CMakeTmp

Run Build Command:/usr/bin/make "cmTryCompileExec/fast"
/usr/bin/make -f CMakeFiles/cmTryCompileExec.dir/build.make CMakeFiles/cmTryCompileExec.dir/build
"/Applications/CMake 2.8-5.app/Contents/bin/cmake" -E cmake_progress_report /Users/dhorton/beachdog-enterprises/beachdog-networks/git/ssp/deps/mysql-connector-c-6.1.1-src/CMakeFiles/CMakeTmp/CMakeFiles 1
Building C object CMakeFiles/cmTryCompileExec.dir/CheckFunctionExists.c.o
/usr/bin/gcc   -Wall  -DCHECK_FUNCTION_EXISTS=__infinity   -o CMakeFiles/cmTryCompileExec.dir/CheckFunctionExists.c.o   -c "/Applications/CMake 2.8-5.app/Contents/share/cmake-2.8/Modules/CheckFunctionExists.c"
Linking C executable cmTryCompileExec
"/Applications/CMake 2.8-5.app/Contents/bin/cmake" -E cmake_link_script CMakeFiles/cmTryCompileExec.dir/link.txt --verbose=1
/usr/bin/gcc    -Wall  -DCHECK_FUNCTION_EXISTS=__infinity -Wl,-search_paths_first -Wl,-headerpad_max_install_names   CMakeFiles/cmTryCompileExec.dir/CheckFunctionExists.c.o  -o cmTryCompileExec  
Undefined symbols for architecture x86_64:
  "___infinity", referenced from:
      _main in CheckFunctionExists.c.o
ld: symbol(s) not found for architecture x86_64
collect2: ld returned 1 exit status
make[1]: *** [cmTryCompileExec] Error 1
make: *** [cmTryCompileExec/fast] Error 2


Determining if the function __infinity exists in the m failed with the following output:
Change Dir: /Users/dhorton/beachdog-enterprises/beachdog-networks/git/ssp/deps/mysql-connector-c-6.1.1-src/CMakeFiles/CMakeTmp

Run Build Command:/usr/bin/make "cmTryCompileExec/fast"
/usr/bin/make -f CMakeFiles/cmTryCompileExec.dir/build.make CMakeFiles/cmTryCompileExec.dir/build
"/Applications/CMake 2.8-5.app/Contents/bin/cmake" -E cmake_progress_report /Users/dhorton/beachdog-enterprises/beachdog-networks/git/ssp/deps/mysql-connector-c-6.1.1-src/CMakeFiles/CMakeTmp/CMakeFiles 1
Building C object CMakeFiles/cmTryCompileExec.dir/CheckFunctionExists.c.o
/usr/bin/gcc   -Wall  -DCHECK_FUNCTION_EXISTS=__infinity   -o CMakeFiles/cmTryCompileExec.dir/CheckFunctionExists.c.o   -c "/Applications/CMake 2.8-5.app/Contents/share/cmake-2.8/Modules/CheckFunctionExists.c"
Linking C executable cmTryCompileExec
"/Applications/CMake 2.8-5.app/Contents/bin/cmake" -E cmake_link_script CMakeFiles/cmTryCompileExec.dir/link.txt --verbose=1
/usr/bin/gcc    -Wall  -DCHECK_FUNCTION_EXISTS=__infinity -Wl,-search_paths_first -Wl,-headerpad_max_install_names   CMakeFiles/cmTryCompileExec.dir/CheckFunctionExists.c.o  -o cmTryCompileExec  -lm 
Undefined symbols for architecture x86_64:
  "___infinity", referenced from:
      _main in CheckFunctionExists.c.o
ld: symbol(s) not found for architecture x86_64
collect2: ld returned 1 exit status
make[1]: *** [cmTryCompileExec] Error 1
make: *** [cmTryCompileExec/fast] Error 2


Determining if the function gethostbyname_r exists failed with the following output:
Change Dir: /Users/dhorton/beachdog-enterprises/beachdog-networks/git/ssp/deps/mysql-connector-c-6.1.1-src/CMakeFiles/CMakeTmp

Run Build Command:/usr/bin/make "cmTryCompileExec/fast"
/usr/bin/make -f CMakeFiles/cmTryCompileExec.dir/build.make CMakeFiles/cmTryCompileExec.dir/build
"/Applications/CMake 2.8-5.app/Contents/bin/cmake" -E cmake_progress_report /Users/dhorton/beachdog-enterprises/beachdog-networks/git/ssp/deps/mysql-connector-c-6.1.1-src/CMakeFiles/CMakeTmp/CMakeFiles 1
Building C object CMakeFiles/cmTryCompileExec.dir/CheckFunctionExists.c.o
/usr/bin/gcc   -Wall  -DCHECK_FUNCTION_EXISTS=gethostbyname_r   -o CMakeFiles/cmTryCompileExec.dir/CheckFunctionExists.c.o   -c "/Applications/CMake 2.8-5.app/Contents/share/cmake-2.8/Modules/CheckFunctionExists.c"
Linking C executable cmTryCompileExec
"/Applications/CMake 2.8-5.app/Contents/bin/cmake" -E cmake_link_script CMakeFiles/cmTryCompileExec.dir/link.txt --verbose=1
/usr/bin/gcc    -Wall  -DCHECK_FUNCTION_EXISTS=gethostbyname_r -Wl,-search_paths_first -Wl,-headerpad_max_install_names   CMakeFiles/cmTryCompileExec.dir/CheckFunctionExists.c.o  -o cmTryCompileExec  
Undefined symbols for architecture x86_64:
  "_gethostbyname_r", referenced from:
      _main in CheckFunctionExists.c.o
ld: symbol(s) not found for architecture x86_64
collect2: ld returned 1 exit status
make[1]: *** [cmTryCompileExec] Error 1
make: *** [cmTryCompileExec/fast] Error 2


Determining if the function gethostbyname_r exists in the nsl_r failed with the following output:
Change Dir: /Users/dhorton/beachdog-enterprises/beachdog-networks/git/ssp/deps/mysql-connector-c-6.1.1-src/CMakeFiles/CMakeTmp

Run Build Command:/usr/bin/make "cmTryCompileExec/fast"
/usr/bin/make -f CMakeFiles/cmTryCompileExec.dir/build.make CMakeFiles/cmTryCompileExec.dir/build
"/Applications/CMake 2.8-5.app/Contents/bin/cmake" -E cmake_progress_report /Users/dhorton/beachdog-enterprises/beachdog-networks/git/ssp/deps/mysql-connector-c-6.1.1-src/CMakeFiles/CMakeTmp/CMakeFiles 1
Building C object CMakeFiles/cmTryCompileExec.dir/CheckFunctionExists.c.o
/usr/bin/gcc   -Wall  -DCHECK_FUNCTION_EXISTS=gethostbyname_r   -o CMakeFiles/cmTryCompileExec.dir/CheckFunctionExists.c.o   -c "/Applications/CMake 2.8-5.app/Contents/share/cmake-2.8/Modules/CheckFunctionExists.c"
Linking C executable cmTryCompileExec
"/Applications/CMake 2.8-5.app/Contents/bin/cmake" -E cmake_link_script CMakeFiles/cmTryCompileExec.dir/link.txt --verbose=1
/usr/bin/gcc    -Wall  -DCHECK_FUNCTION_EXISTS=gethostbyname_r -Wl,-search_paths_first -Wl,-headerpad_max_install_names   CMakeFiles/cmTryCompileExec.dir/CheckFunctionExists.c.o  -o cmTryCompileExec  -lnsl_r 
ld: library not found for -lnsl_r
collect2: ld returned 1 exit status
make[1]: *** [cmTryCompileExec] Error 1
make: *** [cmTryCompileExec/fast] Error 2


Determining if the function gethostbyname_r exists in the nsl failed with the following output:
Change Dir: /Users/dhorton/beachdog-enterprises/beachdog-networks/git/ssp/deps/mysql-connector-c-6.1.1-src/CMakeFiles/CMakeTmp

Run Build Command:/usr/bin/make "cmTryCompileExec/fast"
/usr/bin/make -f CMakeFiles/cmTryCompileExec.dir/build.make CMakeFiles/cmTryCompileExec.dir/build
"/Applications/CMake 2.8-5.app/Contents/bin/cmake" -E cmake_progress_report /Users/dhorton/beachdog-enterprises/beachdog-networks/git/ssp/deps/mysql-connector-c-6.1.1-src/CMakeFiles/CMakeTmp/CMakeFiles 1
Building C object CMakeFiles/cmTryCompileExec.dir/CheckFunctionExists.c.o
/usr/bin/gcc   -Wall  -DCHECK_FUNCTION_EXISTS=gethostbyname_r   -o CMakeFiles/cmTryCompileExec.dir/CheckFunctionExists.c.o   -c "/Applications/CMake 2.8-5.app/Contents/share/cmake-2.8/Modules/CheckFunctionExists.c"
Linking C executable cmTryCompileExec
"/Applications/CMake 2.8-5.app/Contents/bin/cmake" -E cmake_link_script CMakeFiles/cmTryCompileExec.dir/link.txt --verbose=1
/usr/bin/gcc    -Wall  -DCHECK_FUNCTION_EXISTS=gethostbyname_r -Wl,-search_paths_first -Wl,-headerpad_max_install_names   CMakeFiles/cmTryCompileExec.dir/CheckFunctionExists.c.o  -o cmTryCompileExec  -lnsl 
ld: library not found for -lnsl
collect2: ld returned 1 exit status
make[1]: *** [cmTryCompileExec] Error 1
make: *** [cmTryCompileExec/fast] Error 2


Determining if the function clock_gettime exists failed with the following output:
Change Dir: /Users/dhorton/beachdog-enterprises/beachdog-networks/git/ssp/deps/mysql-connector-c-6.1.1-src/CMakeFiles/CMakeTmp

Run Build Command:/usr/bin/make "cmTryCompileExec/fast"
/usr/bin/make -f CMakeFiles/cmTryCompileExec.dir/build.make CMakeFiles/cmTryCompileExec.dir/build
"/Applications/CMake 2.8-5.app/Contents/bin/cmake" -E cmake_progress_report /Users/dhorton/beachdog-enterprises/beachdog-networks/git/ssp/deps/mysql-connector-c-6.1.1-src/CMakeFiles/CMakeTmp/CMakeFiles 1
Building C object CMakeFiles/cmTryCompileExec.dir/CheckFunctionExists.c.o
/usr/bin/gcc   -Wall  -DCHECK_FUNCTION_EXISTS=clock_gettime   -o CMakeFiles/cmTryCompileExec.dir/CheckFunctionExists.c.o   -c "/Applications/CMake 2.8-5.app/Contents/share/cmake-2.8/Modules/CheckFunctionExists.c"
Linking C executable cmTryCompileExec
"/Applications/CMake 2.8-5.app/Contents/bin/cmake" -E cmake_link_script CMakeFiles/cmTryCompileExec.dir/link.txt --verbose=1
/usr/bin/gcc    -Wall  -DCHECK_FUNCTION_EXISTS=clock_gettime -Wl,-search_paths_first -Wl,-headerpad_max_install_names   CMakeFiles/cmTryCompileExec.dir/CheckFunctionExists.c.o  -o cmTryCompileExec  
Undefined symbols for architecture x86_64:
  "_clock_gettime", referenced from:
      _main in CheckFunctionExists.c.o
ld: symbol(s) not found for architecture x86_64
collect2: ld returned 1 exit status
make[1]: *** [cmTryCompileExec] Error 1
make: *** [cmTryCompileExec/fast] Error 2


Determining if the function clock_gettime exists in the rt failed with the following output:
Change Dir: /Users/dhorton/beachdog-enterprises/beachdog-networks/git/ssp/deps/mysql-connector-c-6.1.1-src/CMakeFiles/CMakeTmp

Run Build Command:/usr/bin/make "cmTryCompileExec/fast"
/usr/bin/make -f CMakeFiles/cmTryCompileExec.dir/build.make CMakeFiles/cmTryCompileExec.dir/build
"/Applications/CMake 2.8-5.app/Contents/bin/cmake" -E cmake_progress_report /Users/dhorton/beachdog-enterprises/beachdog-networks/git/ssp/deps/mysql-connector-c-6.1.1-src/CMakeFiles/CMakeTmp/CMakeFiles 1
Building C object CMakeFiles/cmTryCompileExec.dir/CheckFunctionExists.c.o
/usr/bin/gcc   -Wall  -DCHECK_FUNCTION_EXISTS=clock_gettime   -o CMakeFiles/cmTryCompileExec.dir/CheckFunctionExists.c.o   -c "/Applications/CMake 2.8-5.app/Contents/share/cmake-2.8/Modules/CheckFunctionExists.c"
Linking C executable cmTryCompileExec
"/Applications/CMake 2.8-5.app/Contents/bin/cmake" -E cmake_link_script CMakeFiles/cmTryCompileExec.dir/link.txt --verbose=1
/usr/bin/gcc    -Wall  -DCHECK_FUNCTION_EXISTS=clock_gettime -Wl,-search_paths_first -Wl,-headerpad_max_install_names   CMakeFiles/cmTryCompileExec.dir/CheckFunctionExists.c.o  -o cmTryCompileExec  -lrt 
ld: library not found for -lrt
collect2: ld returned 1 exit status
make[1]: *** [cmTryCompileExec] Error 1
make: *** [cmTryCompileExec/fast] Error 2


Determining if the function pthread_create exists in the pthreads failed with the following output:
Change Dir: /Users/dhorton/beachdog-enterprises/beachdog-networks/git/ssp/deps/mysql-connector-c-6.1.1-src/CMakeFiles/CMakeTmp

Run Build Command:/usr/bin/make "cmTryCompileExec/fast"
/usr/bin/make -f CMakeFiles/cmTryCompileExec.dir/build.make CMakeFiles/cmTryCompileExec.dir/build
"/Applications/CMake 2.8-5.app/Contents/bin/cmake" -E cmake_progress_report /Users/dhorton/beachdog-enterprises/beachdog-networks/git/ssp/deps/mysql-connector-c-6.1.1-src/CMakeFiles/CMakeTmp/CMakeFiles 1
Building C object CMakeFiles/cmTryCompileExec.dir/CheckFunctionExists.c.o
/usr/bin/gcc   -Wall  -DCHECK_FUNCTION_EXISTS=pthread_create   -o CMakeFiles/cmTryCompileExec.dir/CheckFunctionExists.c.o   -c "/Applications/CMake 2.8-5.app/Contents/share/cmake-2.8/Modules/CheckFunctionExists.c"
Linking C executable cmTryCompileExec
"/Applications/CMake 2.8-5.app/Contents/bin/cmake" -E cmake_link_script CMakeFiles/cmTryCompileExec.dir/link.txt --verbose=1
/usr/bin/gcc    -Wall  -DCHECK_FUNCTION_EXISTS=pthread_create -Wl,-search_paths_first -Wl,-headerpad_max_install_names   CMakeFiles/cmTryCompileExec.dir/CheckFunctionExists.c.o  -o cmTryCompileExec  -lpthreads 
ld: library not found for -lpthreads
collect2: ld returned 1 exit status
make[1]: *** [cmTryCompileExec] Error 1
make: *** [cmTryCompileExec/fast] Error 2


Determining if files crypt.h exist failed with the following output:
Change Dir: /Users/dhorton/beachdog-enterprises/beachdog-networks/git/ssp/deps/mysql-connector-c-6.1.1-src/CMakeFiles/CMakeTmp

Run Build Command:/usr/bin/make "cmTryCompileExec/fast"
/usr/bin/make -f CMakeFiles/cmTryCompileExec.dir/build.make CMakeFiles/cmTryCompileExec.dir/build
"/Applications/CMake 2.8-5.app/Contents/bin/cmake" -E cmake_progress_report /Users/dhorton/beachdog-enterprises/beachdog-networks/git/ssp/deps/mysql-connector-c-6.1.1-src/CMakeFiles/CMakeTmp/CMakeFiles 1
Building C object CMakeFiles/cmTryCompileExec.dir/CheckIncludeFiles.c.o
/usr/bin/gcc   -Wall     -o CMakeFiles/cmTryCompileExec.dir/CheckIncludeFiles.c.o   -c /Users/dhorton/beachdog-enterprises/beachdog-networks/git/ssp/deps/mysql-connector-c-6.1.1-src/CMakeFiles/CMakeTmp/CheckIncludeFiles.c
/Users/dhorton/beachdog-enterprises/beachdog-networks/git/ssp/deps/mysql-connector-c-6.1.1-src/CMakeFiles/CMakeTmp/CheckIncludeFiles.c:2:19: error: crypt.h: No such file or directory
make[1]: *** [CMakeFiles/cmTryCompileExec.dir/CheckIncludeFiles.c.o] Error 1
make: *** [cmTryCompileExec/fast] Error 2

Source:
/* */
#include <crypt.h>


int main(){return 0;}

Determining if files cxxabi.h exist failed with the following output:
Change Dir: /Users/dhorton/beachdog-enterprises/beachdog-networks/git/ssp/deps/mysql-connector-c-6.1.1-src/CMakeFiles/CMakeTmp

Run Build Command:/usr/bin/make "cmTryCompileExec/fast"
/usr/bin/make -f CMakeFiles/cmTryCompileExec.dir/build.make CMakeFiles/cmTryCompileExec.dir/build
"/Applications/CMake 2.8-5.app/Contents/bin/cmake" -E cmake_progress_report /Users/dhorton/beachdog-enterprises/beachdog-networks/git/ssp/deps/mysql-connector-c-6.1.1-src/CMakeFiles/CMakeTmp/CMakeFiles 1
Building C object CMakeFiles/cmTryCompileExec.dir/CheckIncludeFiles.c.o
/usr/bin/gcc   -Wall     -o CMakeFiles/cmTryCompileExec.dir/CheckIncludeFiles.c.o   -c /Users/dhorton/beachdog-enterprises/beachdog-networks/git/ssp/deps/mysql-connector-c-6.1.1-src/CMakeFiles/CMakeTmp/CheckIncludeFiles.c
In file included from /Users/dhorton/beachdog-enterprises/beachdog-networks/git/ssp/deps/mysql-connector-c-6.1.1-src/CMakeFiles/CMakeTmp/CheckIncludeFiles.c:2:
/usr/include/cxxabi.h:21: error: expected ‘=’, ‘,’, ‘;’, ‘asm’ or ‘__attribute__’ before ‘std’
/usr/include/cxxabi.h:27: error: expected ‘=’, ‘,’, ‘;’, ‘asm’ or ‘__attribute__’ before ‘__cxxabiv1’
/usr/include/cxxabi.h:146: error: expected ‘=’, ‘,’, ‘;’, ‘asm’ or ‘__attribute__’ before ‘abi’
/usr/include/cxxabi.h:153: error: expected ‘=’, ‘,’, ‘;’, ‘asm’ or ‘__attribute__’ before ‘__cxxabiapple’
make[1]: *** [CMakeFiles/cmTryCompileExec.dir/CheckIncludeFiles.c.o] Error 1
make: *** [cmTryCompileExec/fast] Error 2

Source:
/* */
#include <cxxabi.h>


int main(){return 0;}

Determining if files fpu_control.h exist failed with the following output:
Change Dir: /Users/dhorton/beachdog-enterprises/beachdog-networks/git/ssp/deps/mysql-connector-c-6.1.1-src/CMakeFiles/CMakeTmp

Run Build Command:/usr/bin/make "cmTryCompileExec/fast"
/usr/bin/make -f CMakeFiles/cmTryCompileExec.dir/build.make CMakeFiles/cmTryCompileExec.dir/build
"/Applications/CMake 2.8-5.app/Contents/bin/cmake" -E cmake_progress_report /Users/dhorton/beachdog-enterprises/beachdog-networks/git/ssp/deps/mysql-connector-c-6.1.1-src/CMakeFiles/CMakeTmp/CMakeFiles 1
Building C object CMakeFiles/cmTryCompileExec.dir/CheckIncludeFiles.c.o
/usr/bin/gcc   -Wall     -o CMakeFiles/cmTryCompileExec.dir/CheckIncludeFiles.c.o   -c /Users/dhorton/beachdog-enterprises/beachdog-networks/git/ssp/deps/mysql-connector-c-6.1.1-src/CMakeFiles/CMakeTmp/CheckIncludeFiles.c
/Users/dhorton/beachdog-enterprises/beachdog-networks/git/ssp/deps/mysql-connector-c-6.1.1-src/CMakeFiles/CMakeTmp/CheckIncludeFiles.c:2:25: error: fpu_control.h: No such file or directory
make[1]: *** [CMakeFiles/cmTryCompileExec.dir/CheckIncludeFiles.c.o] Error 1
make: *** [cmTryCompileExec/fast] Error 2

Source:
/* */
#include <fpu_control.h>


int main(){return 0;}

Determining if files ieeefp.h exist failed with the following output:
Change Dir: /Users/dhorton/beachdog-enterprises/beachdog-networks/git/ssp/deps/mysql-connector-c-6.1.1-src/CMakeFiles/CMakeTmp

Run Build Command:/usr/bin/make "cmTryCompileExec/fast"
/usr/bin/make -f CMakeFiles/cmTryCompileExec.dir/build.make CMakeFiles/cmTryCompileExec.dir/build
"/Applications/CMake 2.8-5.app/Contents/bin/cmake" -E cmake_progress_report /Users/dhorton/beachdog-enterprises/beachdog-networks/git/ssp/deps/mysql-connector-c-6.1.1-src/CMakeFiles/CMakeTmp/CMakeFiles 1
Building C object CMakeFiles/cmTryCompileExec.dir/CheckIncludeFiles.c.o
/usr/bin/gcc   -Wall     -o CMakeFiles/cmTryCompileExec.dir/CheckIncludeFiles.c.o   -c /Users/dhorton/beachdog-enterprises/beachdog-networks/git/ssp/deps/mysql-connector-c-6.1.1-src/CMakeFiles/CMakeTmp/CheckIncludeFiles.c
/Users/dhorton/beachdog-enterprises/beachdog-networks/git/ssp/deps/mysql-connector-c-6.1.1-src/CMakeFiles/CMakeTmp/CheckIncludeFiles.c:2:20: error: ieeefp.h: No such file or directory
make[1]: *** [CMakeFiles/cmTryCompileExec.dir/CheckIncludeFiles.c.o] Error 1
make: *** [cmTryCompileExec/fast] Error 2

Source:
/* */
#include <ieeefp.h>


int main(){return 0;}

Determining if files malloc.h exist failed with the following output:
Change Dir: /Users/dhorton/beachdog-enterprises/beachdog-networks/git/ssp/deps/mysql-connector-c-6.1.1-src/CMakeFiles/CMakeTmp

Run Build Command:/usr/bin/make "cmTryCompileExec/fast"
/usr/bin/make -f CMakeFiles/cmTryCompileExec.dir/build.make CMakeFiles/cmTryCompileExec.dir/build
"/Applications/CMake 2.8-5.app/Contents/bin/cmake" -E cmake_progress_report /Users/dhorton/beachdog-enterprises/beachdog-networks/git/ssp/deps/mysql-connector-c-6.1.1-src/CMakeFiles/CMakeTmp/CMakeFiles 1
Building C object CMakeFiles/cmTryCompileExec.dir/CheckIncludeFiles.c.o
/usr/bin/gcc   -Wall     -o CMakeFiles/cmTryCompileExec.dir/CheckIncludeFiles.c.o   -c /Users/dhorton/beachdog-enterprises/beachdog-networks/git/ssp/deps/mysql-connector-c-6.1.1-src/CMakeFiles/CMakeTmp/CheckIncludeFiles.c
/Users/dhorton/beachdog-enterprises/beachdog-networks/git/ssp/deps/mysql-connector-c-6.1.1-src/CMakeFiles/CMakeTmp/CheckIncludeFiles.c:2:20: error: malloc.h: No such file or directory
make[1]: *** [CMakeFiles/cmTryCompileExec.dir/CheckIncludeFiles.c.o] Error 1
make: *** [cmTryCompileExec/fast] Error 2

Source:
/* */
#include <malloc.h>


int main(){return 0;}

Determining if files ndir.h exist failed with the following output:
Change Dir: /Users/dhorton/beachdog-enterprises/beachdog-networks/git/ssp/deps/mysql-connector-c-6.1.1-src/CMakeFiles/CMakeTmp

Run Build Command:/usr/bin/make "cmTryCompileExec/fast"
/usr/bin/make -f CMakeFiles/cmTryCompileExec.dir/build.make CMakeFiles/cmTryCompileExec.dir/build
"/Applications/CMake 2.8-5.app/Contents/bin/cmake" -E cmake_progress_report /Users/dhorton/beachdog-enterprises/beachdog-networks/git/ssp/deps/mysql-connector-c-6.1.1-src/CMakeFiles/CMakeTmp/CMakeFiles 1
Building C object CMakeFiles/cmTryCompileExec.dir/CheckIncludeFiles.c.o
/usr/bin/gcc   -Wall     -o CMakeFiles/cmTryCompileExec.dir/CheckIncludeFiles.c.o   -c /Users/dhorton/beachdog-enterprises/beachdog-networks/git/ssp/deps/mysql-connector-c-6.1.1-src/CMakeFiles/CMakeTmp/CheckIncludeFiles.c
/Users/dhorton/beachdog-enterprises/beachdog-networks/git/ssp/deps/mysql-connector-c-6.1.1-src/CMakeFiles/CMakeTmp/CheckIncludeFiles.c:2:18: error: ndir.h: No such file or directory
make[1]: *** [CMakeFiles/cmTryCompileExec.dir/CheckIncludeFiles.c.o] Error 1
make: *** [cmTryCompileExec/fast] Error 2

Source:
/* */
#include <ndir.h>


int main(){return 0;}

Determining if files select.h exist failed with the following output:
Change Dir: /Users/dhorton/beachdog-enterprises/beachdog-networks/git/ssp/deps/mysql-connector-c-6.1.1-src/CMakeFiles/CMakeTmp

Run Build Command:/usr/bin/make "cmTryCompileExec/fast"
/usr/bin/make -f CMakeFiles/cmTryCompileExec.dir/build.make CMakeFiles/cmTryCompileExec.dir/build
"/Applications/CMake 2.8-5.app/Contents/bin/cmake" -E cmake_progress_report /Users/dhorton/beachdog-enterprises/beachdog-networks/git/ssp/deps/mysql-connector-c-6.1.1-src/CMakeFiles/CMakeTmp/CMakeFiles 1
Building C object CMakeFiles/cmTryCompileExec.dir/CheckIncludeFiles.c.o
/usr/bin/gcc   -Wall     -o CMakeFiles/cmTryCompileExec.dir/CheckIncludeFiles.c.o   -c /Users/dhorton/beachdog-enterprises/beachdog-networks/git/ssp/deps/mysql-connector-c-6.1.1-src/CMakeFiles/CMakeTmp/CheckIncludeFiles.c
/Users/dhorton/beachdog-enterprises/beachdog-networks/git/ssp/deps/mysql-connector-c-6.1.1-src/CMakeFiles/CMakeTmp/CheckIncludeFiles.c:2:20: error: select.h: No such file or directory
make[1]: *** [CMakeFiles/cmTryCompileExec.dir/CheckIncludeFiles.c.o] Error 1
make: *** [cmTryCompileExec/fast] Error 2

Source:
/* */
#include <select.h>


int main(){return 0;}

Determining if files sys/ndir.h exist failed with the following output:
Change Dir: /Users/dhorton/beachdog-enterprises/beachdog-networks/git/ssp/deps/mysql-connector-c-6.1.1-src/CMakeFiles/CMakeTmp

Run Build Command:/usr/bin/make "cmTryCompileExec/fast"
/usr/bin/make -f CMakeFiles/cmTryCompileExec.dir/build.make CMakeFiles/cmTryCompileExec.dir/build
"/Applications/CMake 2.8-5.app/Contents/bin/cmake" -E cmake_progress_report /Users/dhorton/beachdog-enterprises/beachdog-networks/git/ssp/deps/mysql-connector-c-6.1.1-src/CMakeFiles/CMakeTmp/CMakeFiles 1
Building C object CMakeFiles/cmTryCompileExec.dir/CheckIncludeFiles.c.o
/usr/bin/gcc   -Wall     -o CMakeFiles/cmTryCompileExec.dir/CheckIncludeFiles.c.o   -c /Users/dhorton/beachdog-enterprises/beachdog-networks/git/ssp/deps/mysql-connector-c-6.1.1-src/CMakeFiles/CMakeTmp/CheckIncludeFiles.c
/Users/dhorton/beachdog-enterprises/beachdog-networks/git/ssp/deps/mysql-connector-c-6.1.1-src/CMakeFiles/CMakeTmp/CheckIncludeFiles.c:2:22: error: sys/ndir.h: No such file or directory
make[1]: *** [CMakeFiles/cmTryCompileExec.dir/CheckIncludeFiles.c.o] Error 1
make: *** [cmTryCompileExec/fast] Error 2

Source:
/* */
#include <sys/ndir.h>


int main(){return 0;}

Determining if files synch.h exist failed with the following output:
Change Dir: /Users/dhorton/beachdog-enterprises/beachdog-networks/git/ssp/deps/mysql-connector-c-6.1.1-src/CMakeFiles/CMakeTmp

Run Build Command:/usr/bin/make "cmTryCompileExec/fast"
/usr/bin/make -f CMakeFiles/cmTryCompileExec.dir/build.make CMakeFiles/cmTryCompileExec.dir/build
"/Applications/CMake 2.8-5.app/Contents/bin/cmake" -E cmake_progress_report /Users/dhorton/beachdog-enterprises/beachdog-networks/git/ssp/deps/mysql-connector-c-6.1.1-src/CMakeFiles/CMakeTmp/CMakeFiles 1
Building C object CMakeFiles/cmTryCompileExec.dir/CheckIncludeFiles.c.o
/usr/bin/gcc   -Wall     -o CMakeFiles/cmTryCompileExec.dir/CheckIncludeFiles.c.o   -c /Users/dhorton/beachdog-enterprises/beachdog-networks/git/ssp/deps/mysql-connector-c-6.1.1-src/CMakeFiles/CMakeTmp/CheckIncludeFiles.c
/Users/dhorton/beachdog-enterprises/beachdog-networks/git/ssp/deps/mysql-connector-c-6.1.1-src/CMakeFiles/CMakeTmp/CheckIncludeFiles.c:2:19: error: synch.h: No such file or directory
make[1]: *** [CMakeFiles/cmTryCompileExec.dir/CheckIncludeFiles.c.o] Error 1
make: *** [cmTryCompileExec/fast] Error 2

Source:
/* */
#include <synch.h>


int main(){return 0;}

Determining if files sysent.h exist failed with the following output:
Change Dir: /Users/dhorton/beachdog-enterprises/beachdog-networks/git/ssp/deps/mysql-connector-c-6.1.1-src/CMakeFiles/CMakeTmp

Run Build Command:/usr/bin/make "cmTryCompileExec/fast"
/usr/bin/make -f CMakeFiles/cmTryCompileExec.dir/build.make CMakeFiles/cmTryCompileExec.dir/build
"/Applications/CMake 2.8-5.app/Contents/bin/cmake" -E cmake_progress_report /Users/dhorton/beachdog-enterprises/beachdog-networks/git/ssp/deps/mysql-connector-c-6.1.1-src/CMakeFiles/CMakeTmp/CMakeFiles 1
Building C object CMakeFiles/cmTryCompileExec.dir/CheckIncludeFiles.c.o
/usr/bin/gcc   -Wall     -o CMakeFiles/cmTryCompileExec.dir/CheckIncludeFiles.c.o   -c /Users/dhorton/beachdog-enterprises/beachdog-networks/git/ssp/deps/mysql-connector-c-6.1.1-src/CMakeFiles/CMakeTmp/CheckIncludeFiles.c
/Users/dhorton/beachdog-enterprises/beachdog-networks/git/ssp/deps/mysql-connector-c-6.1.1-src/CMakeFiles/CMakeTmp/CheckIncludeFiles.c:2:20: error: sysent.h: No such file or directory
make[1]: *** [CMakeFiles/cmTryCompileExec.dir/CheckIncludeFiles.c.o] Error 1
make: *** [cmTryCompileExec/fast] Error 2

Source:
/* */
#include <sysent.h>


int main(){return 0;}

Determining if files sys/fpu.h exist failed with the following output:
Change Dir: /Users/dhorton/beachdog-enterprises/beachdog-networks/git/ssp/deps/mysql-connector-c-6.1.1-src/CMakeFiles/CMakeTmp

Run Build Command:/usr/bin/make "cmTryCompileExec/fast"
/usr/bin/make -f CMakeFiles/cmTryCompileExec.dir/build.make CMakeFiles/cmTryCompileExec.dir/build
"/Applications/CMake 2.8-5.app/Contents/bin/cmake" -E cmake_progress_report /Users/dhorton/beachdog-enterprises/beachdog-networks/git/ssp/deps/mysql-connector-c-6.1.1-src/CMakeFiles/CMakeTmp/CMakeFiles 1
Building C object CMakeFiles/cmTryCompileExec.dir/CheckIncludeFiles.c.o
/usr/bin/gcc   -Wall     -o CMakeFiles/cmTryCompileExec.dir/CheckIncludeFiles.c.o   -c /Users/dhorton/beachdog-enterprises/beachdog-networks/git/ssp/deps/mysql-connector-c-6.1.1-src/CMakeFiles/CMakeTmp/CheckIncludeFiles.c
/Users/dhorton/beachdog-enterprises/beachdog-networks/git/ssp/deps/mysql-connector-c-6.1.1-src/CMakeFiles/CMakeTmp/CheckIncludeFiles.c:2:21: error: sys/fpu.h: No such file or directory
make[1]: *** [CMakeFiles/cmTryCompileExec.dir/CheckIncludeFiles.c.o] Error 1
make: *** [cmTryCompileExec/fast] Error 2

Source:
/* */
#include <sys/fpu.h>


int main(){return 0;}

Determining if files sys/prctl.h exist failed with the following output:
Change Dir: /Users/dhorton/beachdog-enterprises/beachdog-networks/git/ssp/deps/mysql-connector-c-6.1.1-src/CMakeFiles/CMakeTmp

Run Build Command:/usr/bin/make "cmTryCompileExec/fast"
/usr/bin/make -f CMakeFiles/cmTryCompileExec.dir/build.make CMakeFiles/cmTryCompileExec.dir/build
"/Applications/CMake 2.8-5.app/Contents/bin/cmake" -E cmake_progress_report /Users/dhorton/beachdog-enterprises/beachdog-networks/git/ssp/deps/mysql-connector-c-6.1.1-src/CMakeFiles/CMakeTmp/CMakeFiles 1
Building C object CMakeFiles/cmTryCompileExec.dir/CheckIncludeFiles.c.o
/usr/bin/gcc   -Wall     -o CMakeFiles/cmTryCompileExec.dir/CheckIncludeFiles.c.o   -c /Users/dhorton/beachdog-enterprises/beachdog-networks/git/ssp/deps/mysql-connector-c-6.1.1-src/CMakeFiles/CMakeTmp/CheckIncludeFiles.c
/Users/dhorton/beachdog-enterprises/beachdog-networks/git/ssp/deps/mysql-connector-c-6.1.1-src/CMakeFiles/CMakeTmp/CheckIncludeFiles.c:2:23: error: sys/prctl.h: No such file or directory
make[1]: *** [CMakeFiles/cmTryCompileExec.dir/CheckIncludeFiles.c.o] Error 1
make: *** [cmTryCompileExec/fast] Error 2

Source:
/* */
#include <sys/prctl.h>


int main(){return 0;}

Determining if files asm/termbits.h exist failed with the following output:
Change Dir: /Users/dhorton/beachdog-enterprises/beachdog-networks/git/ssp/deps/mysql-connector-c-6.1.1-src/CMakeFiles/CMakeTmp

Run Build Command:/usr/bin/make "cmTryCompileExec/fast"
/usr/bin/make -f CMakeFiles/cmTryCompileExec.dir/build.make CMakeFiles/cmTryCompileExec.dir/build
"/Applications/CMake 2.8-5.app/Contents/bin/cmake" -E cmake_progress_report /Users/dhorton/beachdog-enterprises/beachdog-networks/git/ssp/deps/mysql-connector-c-6.1.1-src/CMakeFiles/CMakeTmp/CMakeFiles 1
Building C object CMakeFiles/cmTryCompileExec.dir/CheckIncludeFiles.c.o
/usr/bin/gcc   -Wall     -o CMakeFiles/cmTryCompileExec.dir/CheckIncludeFiles.c.o   -c /Users/dhorton/beachdog-enterprises/beachdog-networks/git/ssp/deps/mysql-connector-c-6.1.1-src/CMakeFiles/CMakeTmp/CheckIncludeFiles.c
/Users/dhorton/beachdog-enterprises/beachdog-networks/git/ssp/deps/mysql-connector-c-6.1.1-src/CMakeFiles/CMakeTmp/CheckIncludeFiles.c:2:26: error: asm/termbits.h: No such file or directory
make[1]: *** [CMakeFiles/cmTryCompileExec.dir/CheckIncludeFiles.c.o] Error 1
make: *** [cmTryCompileExec/fast] Error 2

Source:
/* */
#include <asm/termbits.h>


int main(){return 0;}

Determining if files termbits.h exist failed with the following output:
Change Dir: /Users/dhorton/beachdog-enterprises/beachdog-networks/git/ssp/deps/mysql-connector-c-6.1.1-src/CMakeFiles/CMakeTmp

Run Build Command:/usr/bin/make "cmTryCompileExec/fast"
/usr/bin/make -f CMakeFiles/cmTryCompileExec.dir/build.make CMakeFiles/cmTryCompileExec.dir/build
"/Applications/CMake 2.8-5.app/Contents/bin/cmake" -E cmake_progress_report /Users/dhorton/beachdog-enterprises/beachdog-networks/git/ssp/deps/mysql-connector-c-6.1.1-src/CMakeFiles/CMakeTmp/CMakeFiles 1
Building C object CMakeFiles/cmTryCompileExec.dir/CheckIncludeFiles.c.o
/usr/bin/gcc   -Wall     -o CMakeFiles/cmTryCompileExec.dir/CheckIncludeFiles.c.o   -c /Users/dhorton/beachdog-enterprises/beachdog-networks/git/ssp/deps/mysql-connector-c-6.1.1-src/CMakeFiles/CMakeTmp/CheckIncludeFiles.c
/Users/dhorton/beachdog-enterprises/beachdog-networks/git/ssp/deps/mysql-connector-c-6.1.1-src/CMakeFiles/CMakeTmp/CheckIncludeFiles.c:2:22: error: termbits.h: No such file or directory
make[1]: *** [CMakeFiles/cmTryCompileExec.dir/CheckIncludeFiles.c.o] Error 1
make: *** [cmTryCompileExec/fast] Error 2

Source:
/* */
#include <termbits.h>


int main(){return 0;}

Determining if files termio.h exist failed with the following output:
Change Dir: /Users/dhorton/beachdog-enterprises/beachdog-networks/git/ssp/deps/mysql-connector-c-6.1.1-src/CMakeFiles/CMakeTmp

Run Build Command:/usr/bin/make "cmTryCompileExec/fast"
/usr/bin/make -f CMakeFiles/cmTryCompileExec.dir/build.make CMakeFiles/cmTryCompileExec.dir/build
"/Applications/CMake 2.8-5.app/Contents/bin/cmake" -E cmake_progress_report /Users/dhorton/beachdog-enterprises/beachdog-networks/git/ssp/deps/mysql-connector-c-6.1.1-src/CMakeFiles/CMakeTmp/CMakeFiles 1
Building C object CMakeFiles/cmTryCompileExec.dir/CheckIncludeFiles.c.o
/usr/bin/gcc   -Wall     -o CMakeFiles/cmTryCompileExec.dir/CheckIncludeFiles.c.o   -c /Users/dhorton/beachdog-enterprises/beachdog-networks/git/ssp/deps/mysql-connector-c-6.1.1-src/CMakeFiles/CMakeTmp/CheckIncludeFiles.c
/Users/dhorton/beachdog-enterprises/beachdog-networks/git/ssp/deps/mysql-connector-c-6.1.1-src/CMakeFiles/CMakeTmp/CheckIncludeFiles.c:2:20: error: termio.h: No such file or directory
make[1]: *** [CMakeFiles/cmTryCompileExec.dir/CheckIncludeFiles.c.o] Error 1
make: *** [cmTryCompileExec/fast] Error 2

Source:
/* */
#include <termio.h>


int main(){return 0;}

Determining if files sys/utime.h exist failed with the following output:
Change Dir: /Users/dhorton/beachdog-enterprises/beachdog-networks/git/ssp/deps/mysql-connector-c-6.1.1-src/CMakeFiles/CMakeTmp

Run Build Command:/usr/bin/make "cmTryCompileExec/fast"
/usr/bin/make -f CMakeFiles/cmTryCompileExec.dir/build.make CMakeFiles/cmTryCompileExec.dir/build
"/Applications/CMake 2.8-5.app/Contents/bin/cmake" -E cmake_progress_report /Users/dhorton/beachdog-enterprises/beachdog-networks/git/ssp/deps/mysql-connector-c-6.1.1-src/CMakeFiles/CMakeTmp/CMakeFiles 1
Building C object CMakeFiles/cmTryCompileExec.dir/CheckIncludeFiles.c.o
/usr/bin/gcc   -Wall     -o CMakeFiles/cmTryCompileExec.dir/CheckIncludeFiles.c.o   -c /Users/dhorton/beachdog-enterprises/beachdog-networks/git/ssp/deps/mysql-connector-c-6.1.1-src/CMakeFiles/CMakeTmp/CheckIncludeFiles.c
/Users/dhorton/beachdog-enterprises/beachdog-networks/git/ssp/deps/mysql-connector-c-6.1.1-src/CMakeFiles/CMakeTmp/CheckIncludeFiles.c:2:23: error: sys/utime.h: No such file or directory
make[1]: *** [CMakeFiles/cmTryCompileExec.dir/CheckIncludeFiles.c.o] Error 1
make: *** [cmTryCompileExec/fast] Error 2

Source:
/* */
#include <sys/utime.h>


int main(){return 0;}

Determining if files sys/devpoll.h exist failed with the following output:
Change Dir: /Users/dhorton/beachdog-enterprises/beachdog-networks/git/ssp/deps/mysql-connector-c-6.1.1-src/CMakeFiles/CMakeTmp

Run Build Command:/usr/bin/make "cmTryCompileExec/fast"
/usr/bin/make -f CMakeFiles/cmTryCompileExec.dir/build.make CMakeFiles/cmTryCompileExec.dir/build
"/Applications/CMake 2.8-5.app/Contents/bin/cmake" -E cmake_progress_report /Users/dhorton/beachdog-enterprises/beachdog-networks/git/ssp/deps/mysql-connector-c-6.1.1-src/CMakeFiles/CMakeTmp/CMakeFiles 1
Building C object CMakeFiles/cmTryCompileExec.dir/CheckIncludeFiles.c.o
/usr/bin/gcc   -Wall     -o CMakeFiles/cmTryCompileExec.dir/CheckIncludeFiles.c.o   -c /Users/dhorton/beachdog-enterprises/beachdog-networks/git/ssp/deps/mysql-connector-c-6.1.1-src/CMakeFiles/CMakeTmp/CheckIncludeFiles.c
/Users/dhorton/beachdog-enterprises/beachdog-networks/git/ssp/deps/mysql-connector-c-6.1.1-src/CMakeFiles/CMakeTmp/CheckIncludeFiles.c:2:25: error: sys/devpoll.h: No such file or directory
make[1]: *** [CMakeFiles/cmTryCompileExec.dir/CheckIncludeFiles.c.o] Error 1
make: *** [cmTryCompileExec/fast] Error 2

Source:
/* */
#include <sys/devpoll.h>


int main(){return 0;}

Determining if files sys/devpoll.h exist failed with the following output:
Change Dir: /Users/dhorton/beachdog-enterprises/beachdog-networks/git/ssp/deps/mysql-connector-c-6.1.1-src/CMakeFiles/CMakeTmp

Run Build Command:/usr/bin/make "cmTryCompileExec/fast"
/usr/bin/make -f CMakeFiles/cmTryCompileExec.dir/build.make CMakeFiles/cmTryCompileExec.dir/build
"/Applications/CMake 2.8-5.app/Contents/bin/cmake" -E cmake_progress_report /Users/dhorton/beachdog-enterprises/beachdog-networks/git/ssp/deps/mysql-connector-c-6.1.1-src/CMakeFiles/CMakeTmp/CMakeFiles 1
Building C object CMakeFiles/cmTryCompileExec.dir/CheckIncludeFiles.c.o
/usr/bin/gcc   -Wall     -o CMakeFiles/cmTryCompileExec.dir/CheckIncludeFiles.c.o   -c /Users/dhorton/beachdog-enterprises/beachdog-networks/git/ssp/deps/mysql-connector-c-6.1.1-src/CMakeFiles/CMakeTmp/CheckIncludeFiles.c
/Users/dhorton/beachdog-enterprises/beachdog-networks/git/ssp/deps/mysql-connector-c-6.1.1-src/CMakeFiles/CMakeTmp/CheckIncludeFiles.c:2:25: error: sys/devpoll.h: No such file or directory
make[1]: *** [CMakeFiles/cmTryCompileExec.dir/CheckIncludeFiles.c.o] Error 1
make: *** [cmTryCompileExec/fast] Error 2

Source:
/* */
#include <sys/devpoll.h>


int main(){return 0;}

Determining if files sys/epoll.h exist failed with the following output:
Change Dir: /Users/dhorton/beachdog-enterprises/beachdog-networks/git/ssp/deps/mysql-connector-c-6.1.1-src/CMakeFiles/CMakeTmp

Run Build Command:/usr/bin/make "cmTryCompileExec/fast"
/usr/bin/make -f CMakeFiles/cmTryCompileExec.dir/build.make CMakeFiles/cmTryCompileExec.dir/build
"/Applications/CMake 2.8-5.app/Contents/bin/cmake" -E cmake_progress_report /Users/dhorton/beachdog-enterprises/beachdog-networks/git/ssp/deps/mysql-connector-c-6.1.1-src/CMakeFiles/CMakeTmp/CMakeFiles 1
Building C object CMakeFiles/cmTryCompileExec.dir/CheckIncludeFiles.c.o
/usr/bin/gcc   -Wall     -o CMakeFiles/cmTryCompileExec.dir/CheckIncludeFiles.c.o   -c /Users/dhorton/beachdog-enterprises/beachdog-networks/git/ssp/deps/mysql-connector-c-6.1.1-src/CMakeFiles/CMakeTmp/CheckIncludeFiles.c
/Users/dhorton/beachdog-enterprises/beachdog-networks/git/ssp/deps/mysql-connector-c-6.1.1-src/CMakeFiles/CMakeTmp/CheckIncludeFiles.c:2:23: error: sys/epoll.h: No such file or directory
make[1]: *** [CMakeFiles/cmTryCompileExec.dir/CheckIncludeFiles.c.o] Error 1
make: *** [cmTryCompileExec/fast] Error 2

Source:
/* */
#include <sys/epoll.h>


int main(){return 0;}

Determining if the function _aligned_malloc exists failed with the following output:
Change Dir: /Users/dhorton/beachdog-enterprises/beachdog-networks/git/ssp/deps/mysql-connector-c-6.1.1-src/CMakeFiles/CMakeTmp

Run Build Command:/usr/bin/make "cmTryCompileExec/fast"
/usr/bin/make -f CMakeFiles/cmTryCompileExec.dir/build.make CMakeFiles/cmTryCompileExec.dir/build
"/Applications/CMake 2.8-5.app/Contents/bin/cmake" -E cmake_progress_report /Users/dhorton/beachdog-enterprises/beachdog-networks/git/ssp/deps/mysql-connector-c-6.1.1-src/CMakeFiles/CMakeTmp/CMakeFiles 1
Building C object CMakeFiles/cmTryCompileExec.dir/CheckFunctionExists.c.o
/usr/bin/gcc   -Wall  -DCHECK_FUNCTION_EXISTS=_aligned_malloc   -o CMakeFiles/cmTryCompileExec.dir/CheckFunctionExists.c.o   -c "/Applications/CMake 2.8-5.app/Contents/share/cmake-2.8/Modules/CheckFunctionExists.c"
Linking C executable cmTryCompileExec
"/Applications/CMake 2.8-5.app/Contents/bin/cmake" -E cmake_link_script CMakeFiles/cmTryCompileExec.dir/link.txt --verbose=1
/usr/bin/gcc    -Wall  -DCHECK_FUNCTION_EXISTS=_aligned_malloc -Wl,-search_paths_first -Wl,-headerpad_max_install_names   CMakeFiles/cmTryCompileExec.dir/CheckFunctionExists.c.o  -o cmTryCompileExec  -lpthread 
Undefined symbols for architecture x86_64:
  "__aligned_malloc", referenced from:
      _main in CheckFunctionExists.c.o
ld: symbol(s) not found for architecture x86_64
collect2: ld returned 1 exit status
make[1]: *** [cmTryCompileExec] Error 1
make: *** [cmTryCompileExec/fast] Error 2


Determining if the function printstack exists failed with the following output:
Change Dir: /Users/dhorton/beachdog-enterprises/beachdog-networks/git/ssp/deps/mysql-connector-c-6.1.1-src/CMakeFiles/CMakeTmp

Run Build Command:/usr/bin/make "cmTryCompileExec/fast"
/usr/bin/make -f CMakeFiles/cmTryCompileExec.dir/build.make CMakeFiles/cmTryCompileExec.dir/build
"/Applications/CMake 2.8-5.app/Contents/bin/cmake" -E cmake_progress_report /Users/dhorton/beachdog-enterprises/beachdog-networks/git/ssp/deps/mysql-connector-c-6.1.1-src/CMakeFiles/CMakeTmp/CMakeFiles 1
Building C object CMakeFiles/cmTryCompileExec.dir/CheckFunctionExists.c.o
/usr/bin/gcc   -Wall  -DCHECK_FUNCTION_EXISTS=printstack   -o CMakeFiles/cmTryCompileExec.dir/CheckFunctionExists.c.o   -c "/Applications/CMake 2.8-5.app/Contents/share/cmake-2.8/Modules/CheckFunctionExists.c"
Linking C executable cmTryCompileExec
"/Applications/CMake 2.8-5.app/Contents/bin/cmake" -E cmake_link_script CMakeFiles/cmTryCompileExec.dir/link.txt --verbose=1
/usr/bin/gcc    -Wall  -DCHECK_FUNCTION_EXISTS=printstack -Wl,-search_paths_first -Wl,-headerpad_max_install_names   CMakeFiles/cmTryCompileExec.dir/CheckFunctionExists.c.o  -o cmTryCompileExec  -lpthread 
Undefined symbols for architecture x86_64:
  "_printstack", referenced from:
      _main in CheckFunctionExists.c.o
ld: symbol(s) not found for architecture x86_64
collect2: ld returned 1 exit status
make[1]: *** [cmTryCompileExec] Error 1
make: *** [cmTryCompileExec/fast] Error 2


Determining if the function clock_gettime exists failed with the following output:
Change Dir: /Users/dhorton/beachdog-enterprises/beachdog-networks/git/ssp/deps/mysql-connector-c-6.1.1-src/CMakeFiles/CMakeTmp

Run Build Command:/usr/bin/make "cmTryCompileExec/fast"
/usr/bin/make -f CMakeFiles/cmTryCompileExec.dir/build.make CMakeFiles/cmTryCompileExec.dir/build
"/Applications/CMake 2.8-5.app/Contents/bin/cmake" -E cmake_progress_report /Users/dhorton/beachdog-enterprises/beachdog-networks/git/ssp/deps/mysql-connector-c-6.1.1-src/CMakeFiles/CMakeTmp/CMakeFiles 1
Building C object CMakeFiles/cmTryCompileExec.dir/CheckFunctionExists.c.o
/usr/bin/gcc   -Wall  -DCHECK_FUNCTION_EXISTS=clock_gettime   -o CMakeFiles/cmTryCompileExec.dir/CheckFunctionExists.c.o   -c "/Applications/CMake 2.8-5.app/Contents/share/cmake-2.8/Modules/CheckFunctionExists.c"
Linking C executable cmTryCompileExec
"/Applications/CMake 2.8-5.app/Contents/bin/cmake" -E cmake_link_script CMakeFiles/cmTryCompileExec.dir/link.txt --verbose=1
/usr/bin/gcc    -Wall  -DCHECK_FUNCTION_EXISTS=clock_gettime -Wl,-search_paths_first -Wl,-headerpad_max_install_names   CMakeFiles/cmTryCompileExec.dir/CheckFunctionExists.c.o  -o cmTryCompileExec  -lpthread 
Undefined symbols for architecture x86_64:
  "_clock_gettime", referenced from:
      _main in CheckFunctionExists.c.o
ld: symbol(s) not found for architecture x86_64
collect2: ld returned 1 exit status
make[1]: *** [cmTryCompileExec] Error 1
make: *** [cmTryCompileExec/fast] Error 2


Determining if the function cuserid exists failed with the following output:
Change Dir: /Users/dhorton/beachdog-enterprises/beachdog-networks/git/ssp/deps/mysql-connector-c-6.1.1-src/CMakeFiles/CMakeTmp

Run Build Command:/usr/bin/make "cmTryCompileExec/fast"
/usr/bin/make -f CMakeFiles/cmTryCompileExec.dir/build.make CMakeFiles/cmTryCompileExec.dir/build
"/Applications/CMake 2.8-5.app/Contents/bin/cmake" -E cmake_progress_report /Users/dhorton/beachdog-enterprises/beachdog-networks/git/ssp/deps/mysql-connector-c-6.1.1-src/CMakeFiles/CMakeTmp/CMakeFiles 1
Building C object CMakeFiles/cmTryCompileExec.dir/CheckFunctionExists.c.o
/usr/bin/gcc   -Wall  -DCHECK_FUNCTION_EXISTS=cuserid   -o CMakeFiles/cmTryCompileExec.dir/CheckFunctionExists.c.o   -c "/Applications/CMake 2.8-5.app/Contents/share/cmake-2.8/Modules/CheckFunctionExists.c"
Linking C executable cmTryCompileExec
"/Applications/CMake 2.8-5.app/Contents/bin/cmake" -E cmake_link_script CMakeFiles/cmTryCompileExec.dir/link.txt --verbose=1
/usr/bin/gcc    -Wall  -DCHECK_FUNCTION_EXISTS=cuserid -Wl,-search_paths_first -Wl,-headerpad_max_install_names   CMakeFiles/cmTryCompileExec.dir/CheckFunctionExists.c.o  -o cmTryCompileExec  -lpthread 
Undefined symbols for architecture x86_64:
  "_cuserid", referenced from:
      _main in CheckFunctionExists.c.o
ld: symbol(s) not found for architecture x86_64
collect2: ld returned 1 exit status
make[1]: *** [cmTryCompileExec] Error 1
make: *** [cmTryCompileExec/fast] Error 2


Determining if the function directio exists failed with the following output:
Change Dir: /Users/dhorton/beachdog-enterprises/beachdog-networks/git/ssp/deps/mysql-connector-c-6.1.1-src/CMakeFiles/CMakeTmp

Run Build Command:/usr/bin/make "cmTryCompileExec/fast"
/usr/bin/make -f CMakeFiles/cmTryCompileExec.dir/build.make CMakeFiles/cmTryCompileExec.dir/build
"/Applications/CMake 2.8-5.app/Contents/bin/cmake" -E cmake_progress_report /Users/dhorton/beachdog-enterprises/beachdog-networks/git/ssp/deps/mysql-connector-c-6.1.1-src/CMakeFiles/CMakeTmp/CMakeFiles 1
Building C object CMakeFiles/cmTryCompileExec.dir/CheckFunctionExists.c.o
/usr/bin/gcc   -Wall  -DCHECK_FUNCTION_EXISTS=directio   -o CMakeFiles/cmTryCompileExec.dir/CheckFunctionExists.c.o   -c "/Applications/CMake 2.8-5.app/Contents/share/cmake-2.8/Modules/CheckFunctionExists.c"
Linking C executable cmTryCompileExec
"/Applications/CMake 2.8-5.app/Contents/bin/cmake" -E cmake_link_script CMakeFiles/cmTryCompileExec.dir/link.txt --verbose=1
/usr/bin/gcc    -Wall  -DCHECK_FUNCTION_EXISTS=directio -Wl,-search_paths_first -Wl,-headerpad_max_install_names   CMakeFiles/cmTryCompileExec.dir/CheckFunctionExists.c.o  -o cmTryCompileExec  -lpthread 
Undefined symbols for architecture x86_64:
  "_directio", referenced from:
      _main in CheckFunctionExists.c.o
ld: symbol(s) not found for architecture x86_64
collect2: ld returned 1 exit status
make[1]: *** [cmTryCompileExec] Error 1
make: *** [cmTryCompileExec/fast] Error 2


Determining if the function compress exists failed with the following output:
Change Dir: /Users/dhorton/beachdog-enterprises/beachdog-networks/git/ssp/deps/mysql-connector-c-6.1.1-src/CMakeFiles/CMakeTmp

Run Build Command:/usr/bin/make "cmTryCompileExec/fast"
/usr/bin/make -f CMakeFiles/cmTryCompileExec.dir/build.make CMakeFiles/cmTryCompileExec.dir/build
"/Applications/CMake 2.8-5.app/Contents/bin/cmake" -E cmake_progress_report /Users/dhorton/beachdog-enterprises/beachdog-networks/git/ssp/deps/mysql-connector-c-6.1.1-src/CMakeFiles/CMakeTmp/CMakeFiles 1
Building C object CMakeFiles/cmTryCompileExec.dir/CheckFunctionExists.c.o
/usr/bin/gcc   -Wall  -DCHECK_FUNCTION_EXISTS=compress   -o CMakeFiles/cmTryCompileExec.dir/CheckFunctionExists.c.o   -c "/Applications/CMake 2.8-5.app/Contents/share/cmake-2.8/Modules/CheckFunctionExists.c"
Linking C executable cmTryCompileExec
"/Applications/CMake 2.8-5.app/Contents/bin/cmake" -E cmake_link_script CMakeFiles/cmTryCompileExec.dir/link.txt --verbose=1
/usr/bin/gcc    -Wall  -DCHECK_FUNCTION_EXISTS=compress -Wl,-search_paths_first -Wl,-headerpad_max_install_names   CMakeFiles/cmTryCompileExec.dir/CheckFunctionExists.c.o  -o cmTryCompileExec  -lpthread 
Undefined symbols for architecture x86_64:
  "_compress", referenced from:
      _main in CheckFunctionExists.c.o
ld: symbol(s) not found for architecture x86_64
collect2: ld returned 1 exit status
make[1]: *** [cmTryCompileExec] Error 1
make: *** [cmTryCompileExec/fast] Error 2


Determining if the fdatasync exist failed with the following output:
Change Dir: /Users/dhorton/beachdog-enterprises/beachdog-networks/git/ssp/deps/mysql-connector-c-6.1.1-src/CMakeFiles/CMakeTmp

Run Build Command:/usr/bin/make "cmTryCompileExec/fast"
/usr/bin/make -f CMakeFiles/cmTryCompileExec.dir/build.make CMakeFiles/cmTryCompileExec.dir/build
"/Applications/CMake 2.8-5.app/Contents/bin/cmake" -E cmake_progress_report /Users/dhorton/beachdog-enterprises/beachdog-networks/git/ssp/deps/mysql-connector-c-6.1.1-src/CMakeFiles/CMakeTmp/CMakeFiles 1
Building C object CMakeFiles/cmTryCompileExec.dir/CheckSymbolExists.c.o
/usr/bin/gcc   -Wall     -o CMakeFiles/cmTryCompileExec.dir/CheckSymbolExists.c.o   -c /Users/dhorton/beachdog-enterprises/beachdog-networks/git/ssp/deps/mysql-connector-c-6.1.1-src/CMakeFiles/CMakeTmp/CheckSymbolExists.c
/Users/dhorton/beachdog-enterprises/beachdog-networks/git/ssp/deps/mysql-connector-c-6.1.1-src/CMakeFiles/CMakeTmp/CheckSymbolExists.c: In function ‘main’:
/Users/dhorton/beachdog-enterprises/beachdog-networks/git/ssp/deps/mysql-connector-c-6.1.1-src/CMakeFiles/CMakeTmp/CheckSymbolExists.c:8: error: ‘fdatasync’ undeclared (first use in this function)
/Users/dhorton/beachdog-enterprises/beachdog-networks/git/ssp/deps/mysql-connector-c-6.1.1-src/CMakeFiles/CMakeTmp/CheckSymbolExists.c:8: error: (Each undeclared identifier is reported only once
/Users/dhorton/beachdog-enterprises/beachdog-networks/git/ssp/deps/mysql-connector-c-6.1.1-src/CMakeFiles/CMakeTmp/CheckSymbolExists.c:8: error: for each function it appears in.)
make[1]: *** [CMakeFiles/cmTryCompileExec.dir/CheckSymbolExists.c.o] Error 1
make: *** [cmTryCompileExec/fast] Error 2

File /Users/dhorton/beachdog-enterprises/beachdog-networks/git/ssp/deps/mysql-connector-c-6.1.1-src/CMakeFiles/CMakeTmp/CheckSymbolExists.c:
/* */
#include <unistd.h>

void cmakeRequireSymbol(int dummy,...){(void)dummy;}
int main()
{
#ifndef fdatasync
  cmakeRequireSymbol(0,&fdatasync);
#endif
  return 0;
}

Determining if the function fedisableexcept exists failed with the following output:
Change Dir: /Users/dhorton/beachdog-enterprises/beachdog-networks/git/ssp/deps/mysql-connector-c-6.1.1-src/CMakeFiles/CMakeTmp

Run Build Command:/usr/bin/make "cmTryCompileExec/fast"
/usr/bin/make -f CMakeFiles/cmTryCompileExec.dir/build.make CMakeFiles/cmTryCompileExec.dir/build
"/Applications/CMake 2.8-5.app/Contents/bin/cmake" -E cmake_progress_report /Users/dhorton/beachdog-enterprises/beachdog-networks/git/ssp/deps/mysql-connector-c-6.1.1-src/CMakeFiles/CMakeTmp/CMakeFiles 1
Building C object CMakeFiles/cmTryCompileExec.dir/CheckFunctionExists.c.o
/usr/bin/gcc   -Wall  -DCHECK_FUNCTION_EXISTS=fedisableexcept   -o CMakeFiles/cmTryCompileExec.dir/CheckFunctionExists.c.o   -c "/Applications/CMake 2.8-5.app/Contents/share/cmake-2.8/Modules/CheckFunctionExists.c"
Linking C executable cmTryCompileExec
"/Applications/CMake 2.8-5.app/Contents/bin/cmake" -E cmake_link_script CMakeFiles/cmTryCompileExec.dir/link.txt --verbose=1
/usr/bin/gcc    -Wall  -DCHECK_FUNCTION_EXISTS=fedisableexcept -Wl,-search_paths_first -Wl,-headerpad_max_install_names   CMakeFiles/cmTryCompileExec.dir/CheckFunctionExists.c.o  -o cmTryCompileExec  -lpthread 
Undefined symbols for architecture x86_64:
  "_fedisableexcept", referenced from:
      _main in CheckFunctionExists.c.o
ld: symbol(s) not found for architecture x86_64
collect2: ld returned 1 exit status
make[1]: *** [cmTryCompileExec] Error 1
make: *** [cmTryCompileExec/fast] Error 2


Determining if the function gethostbyaddr_r exists failed with the following output:
Change Dir: /Users/dhorton/beachdog-enterprises/beachdog-networks/git/ssp/deps/mysql-connector-c-6.1.1-src/CMakeFiles/CMakeTmp

Run Build Command:/usr/bin/make "cmTryCompileExec/fast"
/usr/bin/make -f CMakeFiles/cmTryCompileExec.dir/build.make CMakeFiles/cmTryCompileExec.dir/build
"/Applications/CMake 2.8-5.app/Contents/bin/cmake" -E cmake_progress_report /Users/dhorton/beachdog-enterprises/beachdog-networks/git/ssp/deps/mysql-connector-c-6.1.1-src/CMakeFiles/CMakeTmp/CMakeFiles 1
Building C object CMakeFiles/cmTryCompileExec.dir/CheckFunctionExists.c.o
/usr/bin/gcc   -Wall  -DCHECK_FUNCTION_EXISTS=gethostbyaddr_r   -o CMakeFiles/cmTryCompileExec.dir/CheckFunctionExists.c.o   -c "/Applications/CMake 2.8-5.app/Contents/share/cmake-2.8/Modules/CheckFunctionExists.c"
Linking C executable cmTryCompileExec
"/Applications/CMake 2.8-5.app/Contents/bin/cmake" -E cmake_link_script CMakeFiles/cmTryCompileExec.dir/link.txt --verbose=1
/usr/bin/gcc    -Wall  -DCHECK_FUNCTION_EXISTS=gethostbyaddr_r -Wl,-search_paths_first -Wl,-headerpad_max_install_names   CMakeFiles/cmTryCompileExec.dir/CheckFunctionExists.c.o  -o cmTryCompileExec  -lpthread 
Undefined symbols for architecture x86_64:
  "_gethostbyaddr_r", referenced from:
      _main in CheckFunctionExists.c.o
ld: symbol(s) not found for architecture x86_64
collect2: ld returned 1 exit status
make[1]: *** [cmTryCompileExec] Error 1
make: *** [cmTryCompileExec/fast] Error 2


Determining if the function gethrtime exists failed with the following output:
Change Dir: /Users/dhorton/beachdog-enterprises/beachdog-networks/git/ssp/deps/mysql-connector-c-6.1.1-src/CMakeFiles/CMakeTmp

Run Build Command:/usr/bin/make "cmTryCompileExec/fast"
/usr/bin/make -f CMakeFiles/cmTryCompileExec.dir/build.make CMakeFiles/cmTryCompileExec.dir/build
"/Applications/CMake 2.8-5.app/Contents/bin/cmake" -E cmake_progress_report /Users/dhorton/beachdog-enterprises/beachdog-networks/git/ssp/deps/mysql-connector-c-6.1.1-src/CMakeFiles/CMakeTmp/CMakeFiles 1
Building C object CMakeFiles/cmTryCompileExec.dir/CheckFunctionExists.c.o
/usr/bin/gcc   -Wall  -DCHECK_FUNCTION_EXISTS=gethrtime   -o CMakeFiles/cmTryCompileExec.dir/CheckFunctionExists.c.o   -c "/Applications/CMake 2.8-5.app/Contents/share/cmake-2.8/Modules/CheckFunctionExists.c"
Linking C executable cmTryCompileExec
"/Applications/CMake 2.8-5.app/Contents/bin/cmake" -E cmake_link_script CMakeFiles/cmTryCompileExec.dir/link.txt --verbose=1
/usr/bin/gcc    -Wall  -DCHECK_FUNCTION_EXISTS=gethrtime -Wl,-search_paths_first -Wl,-headerpad_max_install_names   CMakeFiles/cmTryCompileExec.dir/CheckFunctionExists.c.o  -o cmTryCompileExec  -lpthread 
Undefined symbols for architecture x86_64:
  "_gethrtime", referenced from:
      _main in CheckFunctionExists.c.o
ld: symbol(s) not found for architecture x86_64
collect2: ld returned 1 exit status
make[1]: *** [cmTryCompileExec] Error 1
make: *** [cmTryCompileExec/fast] Error 2


Determining if the function getpassphrase exists failed with the following output:
Change Dir: /Users/dhorton/beachdog-enterprises/beachdog-networks/git/ssp/deps/mysql-connector-c-6.1.1-src/CMakeFiles/CMakeTmp

Run Build Command:/usr/bin/make "cmTryCompileExec/fast"
/usr/bin/make -f CMakeFiles/cmTryCompileExec.dir/build.make CMakeFiles/cmTryCompileExec.dir/build
"/Applications/CMake 2.8-5.app/Contents/bin/cmake" -E cmake_progress_report /Users/dhorton/beachdog-enterprises/beachdog-networks/git/ssp/deps/mysql-connector-c-6.1.1-src/CMakeFiles/CMakeTmp/CMakeFiles 1
Building C object CMakeFiles/cmTryCompileExec.dir/CheckFunctionExists.c.o
/usr/bin/gcc   -Wall  -DCHECK_FUNCTION_EXISTS=getpassphrase   -o CMakeFiles/cmTryCompileExec.dir/CheckFunctionExists.c.o   -c "/Applications/CMake 2.8-5.app/Contents/share/cmake-2.8/Modules/CheckFunctionExists.c"
Linking C executable cmTryCompileExec
"/Applications/CMake 2.8-5.app/Contents/bin/cmake" -E cmake_link_script CMakeFiles/cmTryCompileExec.dir/link.txt --verbose=1
/usr/bin/gcc    -Wall  -DCHECK_FUNCTION_EXISTS=getpassphrase -Wl,-search_paths_first -Wl,-headerpad_max_install_names   CMakeFiles/cmTryCompileExec.dir/CheckFunctionExists.c.o  -o cmTryCompileExec  -lpthread 
Undefined symbols for architecture x86_64:
  "_getpassphrase", referenced from:
      _main in CheckFunctionExists.c.o
ld: symbol(s) not found for architecture x86_64
collect2: ld returned 1 exit status
make[1]: *** [cmTryCompileExec] Error 1
make: *** [cmTryCompileExec/fast] Error 2


Determining if the function malloc_info exists failed with the following output:
Change Dir: /Users/dhorton/beachdog-enterprises/beachdog-networks/git/ssp/deps/mysql-connector-c-6.1.1-src/CMakeFiles/CMakeTmp

Run Build Command:/usr/bin/make "cmTryCompileExec/fast"
/usr/bin/make -f CMakeFiles/cmTryCompileExec.dir/build.make CMakeFiles/cmTryCompileExec.dir/build
"/Applications/CMake 2.8-5.app/Contents/bin/cmake" -E cmake_progress_report /Users/dhorton/beachdog-enterprises/beachdog-networks/git/ssp/deps/mysql-connector-c-6.1.1-src/CMakeFiles/CMakeTmp/CMakeFiles 1
Building C object CMakeFiles/cmTryCompileExec.dir/CheckFunctionExists.c.o
/usr/bin/gcc   -Wall  -DCHECK_FUNCTION_EXISTS=malloc_info   -o CMakeFiles/cmTryCompileExec.dir/CheckFunctionExists.c.o   -c "/Applications/CMake 2.8-5.app/Contents/share/cmake-2.8/Modules/CheckFunctionExists.c"
Linking C executable cmTryCompileExec
"/Applications/CMake 2.8-5.app/Contents/bin/cmake" -E cmake_link_script CMakeFiles/cmTryCompileExec.dir/link.txt --verbose=1
/usr/bin/gcc    -Wall  -DCHECK_FUNCTION_EXISTS=malloc_info -Wl,-search_paths_first -Wl,-headerpad_max_install_names   CMakeFiles/cmTryCompileExec.dir/CheckFunctionExists.c.o  -o cmTryCompileExec  -lpthread 
Undefined symbols for architecture x86_64:
  "_malloc_info", referenced from:
      _main in CheckFunctionExists.c.o
ld: symbol(s) not found for architecture x86_64
collect2: ld returned 1 exit status
make[1]: *** [cmTryCompileExec] Error 1
make: *** [cmTryCompileExec/fast] Error 2


Determining if the function mmap64 exists failed with the following output:
Change Dir: /Users/dhorton/beachdog-enterprises/beachdog-networks/git/ssp/deps/mysql-connector-c-6.1.1-src/CMakeFiles/CMakeTmp

Run Build Command:/usr/bin/make "cmTryCompileExec/fast"
/usr/bin/make -f CMakeFiles/cmTryCompileExec.dir/build.make CMakeFiles/cmTryCompileExec.dir/build
"/Applications/CMake 2.8-5.app/Contents/bin/cmake" -E cmake_progress_report /Users/dhorton/beachdog-enterprises/beachdog-networks/git/ssp/deps/mysql-connector-c-6.1.1-src/CMakeFiles/CMakeTmp/CMakeFiles 1
Building C object CMakeFiles/cmTryCompileExec.dir/CheckFunctionExists.c.o
/usr/bin/gcc   -Wall  -DCHECK_FUNCTION_EXISTS=mmap64   -o CMakeFiles/cmTryCompileExec.dir/CheckFunctionExists.c.o   -c "/Applications/CMake 2.8-5.app/Contents/share/cmake-2.8/Modules/CheckFunctionExists.c"
Linking C executable cmTryCompileExec
"/Applications/CMake 2.8-5.app/Contents/bin/cmake" -E cmake_link_script CMakeFiles/cmTryCompileExec.dir/link.txt --verbose=1
/usr/bin/gcc    -Wall  -DCHECK_FUNCTION_EXISTS=mmap64 -Wl,-search_paths_first -Wl,-headerpad_max_install_names   CMakeFiles/cmTryCompileExec.dir/CheckFunctionExists.c.o  -o cmTryCompileExec  -lpthread 
Undefined symbols for architecture x86_64:
  "_mmap64", referenced from:
      _main in CheckFunctionExists.c.o
ld: symbol(s) not found for architecture x86_64
collect2: ld returned 1 exit status
make[1]: *** [cmTryCompileExec] Error 1
make: *** [cmTryCompileExec/fast] Error 2


Determining if the function posix_fallocate exists failed with the following output:
Change Dir: /Users/dhorton/beachdog-enterprises/beachdog-networks/git/ssp/deps/mysql-connector-c-6.1.1-src/CMakeFiles/CMakeTmp

Run Build Command:/usr/bin/make "cmTryCompileExec/fast"
/usr/bin/make -f CMakeFiles/cmTryCompileExec.dir/build.make CMakeFiles/cmTryCompileExec.dir/build
"/Applications/CMake 2.8-5.app/Contents/bin/cmake" -E cmake_progress_report /Users/dhorton/beachdog-enterprises/beachdog-networks/git/ssp/deps/mysql-connector-c-6.1.1-src/CMakeFiles/CMakeTmp/CMakeFiles 1
Building C object CMakeFiles/cmTryCompileExec.dir/CheckFunctionExists.c.o
/usr/bin/gcc   -Wall  -DCHECK_FUNCTION_EXISTS=posix_fallocate   -o CMakeFiles/cmTryCompileExec.dir/CheckFunctionExists.c.o   -c "/Applications/CMake 2.8-5.app/Contents/share/cmake-2.8/Modules/CheckFunctionExists.c"
Linking C executable cmTryCompileExec
"/Applications/CMake 2.8-5.app/Contents/bin/cmake" -E cmake_link_script CMakeFiles/cmTryCompileExec.dir/link.txt --verbose=1
/usr/bin/gcc    -Wall  -DCHECK_FUNCTION_EXISTS=posix_fallocate -Wl,-search_paths_first -Wl,-headerpad_max_install_names   CMakeFiles/cmTryCompileExec.dir/CheckFunctionExists.c.o  -o cmTryCompileExec  -lpthread 
Undefined symbols for architecture x86_64:
  "_posix_fallocate", referenced from:
      _main in CheckFunctionExists.c.o
ld: symbol(s) not found for architecture x86_64
collect2: ld returned 1 exit status
make[1]: *** [cmTryCompileExec] Error 1
make: *** [cmTryCompileExec/fast] Error 2


Determining if the function pthread_condattr_setclock exists failed with the following output:
Change Dir: /Users/dhorton/beachdog-enterprises/beachdog-networks/git/ssp/deps/mysql-connector-c-6.1.1-src/CMakeFiles/CMakeTmp

Run Build Command:/usr/bin/make "cmTryCompileExec/fast"
/usr/bin/make -f CMakeFiles/cmTryCompileExec.dir/build.make CMakeFiles/cmTryCompileExec.dir/build
"/Applications/CMake 2.8-5.app/Contents/bin/cmake" -E cmake_progress_report /Users/dhorton/beachdog-enterprises/beachdog-networks/git/ssp/deps/mysql-connector-c-6.1.1-src/CMakeFiles/CMakeTmp/CMakeFiles 1
Building C object CMakeFiles/cmTryCompileExec.dir/CheckFunctionExists.c.o
/usr/bin/gcc   -Wall  -DCHECK_FUNCTION_EXISTS=pthread_condattr_setclock   -o CMakeFiles/cmTryCompileExec.dir/CheckFunctionExists.c.o   -c "/Applications/CMake 2.8-5.app/Contents/share/cmake-2.8/Modules/CheckFunctionExists.c"
Linking C executable cmTryCompileExec
"/Applications/CMake 2.8-5.app/Contents/bin/cmake" -E cmake_link_script CMakeFiles/cmTryCompileExec.dir/link.txt --verbose=1
/usr/bin/gcc    -Wall  -DCHECK_FUNCTION_EXISTS=pthread_condattr_setclock -Wl,-search_paths_first -Wl,-headerpad_max_install_names   CMakeFiles/cmTryCompileExec.dir/CheckFunctionExists.c.o  -o cmTryCompileExec  -lpthread 
Undefined symbols for architecture x86_64:
  "_pthread_condattr_setclock", referenced from:
      _main in CheckFunctionExists.c.o
ld: symbol(s) not found for architecture x86_64
collect2: ld returned 1 exit status
make[1]: *** [cmTryCompileExec] Error 1
make: *** [cmTryCompileExec/fast] Error 2


Determining if the function rwlock_init exists failed with the following output:
Change Dir: /Users/dhorton/beachdog-enterprises/beachdog-networks/git/ssp/deps/mysql-connector-c-6.1.1-src/CMakeFiles/CMakeTmp

Run Build Command:/usr/bin/make "cmTryCompileExec/fast"
/usr/bin/make -f CMakeFiles/cmTryCompileExec.dir/build.make CMakeFiles/cmTryCompileExec.dir/build
"/Applications/CMake 2.8-5.app/Contents/bin/cmake" -E cmake_progress_report /Users/dhorton/beachdog-enterprises/beachdog-networks/git/ssp/deps/mysql-connector-c-6.1.1-src/CMakeFiles/CMakeTmp/CMakeFiles 1
Building C object CMakeFiles/cmTryCompileExec.dir/CheckFunctionExists.c.o
/usr/bin/gcc   -Wall  -DCHECK_FUNCTION_EXISTS=rwlock_init   -o CMakeFiles/cmTryCompileExec.dir/CheckFunctionExists.c.o   -c "/Applications/CMake 2.8-5.app/Contents/share/cmake-2.8/Modules/CheckFunctionExists.c"
Linking C executable cmTryCompileExec
"/Applications/CMake 2.8-5.app/Contents/bin/cmake" -E cmake_link_script CMakeFiles/cmTryCompileExec.dir/link.txt --verbose=1
/usr/bin/gcc    -Wall  -DCHECK_FUNCTION_EXISTS=rwlock_init -Wl,-search_paths_first -Wl,-headerpad_max_install_names   CMakeFiles/cmTryCompileExec.dir/CheckFunctionExists.c.o  -o cmTryCompileExec  -lpthread 
Undefined symbols for architecture x86_64:
  "_rwlock_init", referenced from:
      _main in CheckFunctionExists.c.o
ld: symbol(s) not found for architecture x86_64
collect2: ld returned 1 exit status
make[1]: *** [cmTryCompileExec] Error 1
make: *** [cmTryCompileExec/fast] Error 2


Determining if the function setfd exists failed with the following output:
Change Dir: /Users/dhorton/beachdog-enterprises/beachdog-networks/git/ssp/deps/mysql-connector-c-6.1.1-src/CMakeFiles/CMakeTmp

Run Build Command:/usr/bin/make "cmTryCompileExec/fast"
/usr/bin/make -f CMakeFiles/cmTryCompileExec.dir/build.make CMakeFiles/cmTryCompileExec.dir/build
"/Applications/CMake 2.8-5.app/Contents/bin/cmake" -E cmake_progress_report /Users/dhorton/beachdog-enterprises/beachdog-networks/git/ssp/deps/mysql-connector-c-6.1.1-src/CMakeFiles/CMakeTmp/CMakeFiles 1
Building C object CMakeFiles/cmTryCompileExec.dir/CheckFunctionExists.c.o
/usr/bin/gcc   -Wall  -DCHECK_FUNCTION_EXISTS=setfd   -o CMakeFiles/cmTryCompileExec.dir/CheckFunctionExists.c.o   -c "/Applications/CMake 2.8-5.app/Contents/share/cmake-2.8/Modules/CheckFunctionExists.c"
Linking C executable cmTryCompileExec
"/Applications/CMake 2.8-5.app/Contents/bin/cmake" -E cmake_link_script CMakeFiles/cmTryCompileExec.dir/link.txt --verbose=1
/usr/bin/gcc    -Wall  -DCHECK_FUNCTION_EXISTS=setfd -Wl,-search_paths_first -Wl,-headerpad_max_install_names   CMakeFiles/cmTryCompileExec.dir/CheckFunctionExists.c.o  -o cmTryCompileExec  -lpthread 
Undefined symbols for architecture x86_64:
  "_setfd", referenced from:
      _main in CheckFunctionExists.c.o
ld: symbol(s) not found for architecture x86_64
collect2: ld returned 1 exit status
make[1]: *** [cmTryCompileExec] Error 1
make: *** [cmTryCompileExec/fast] Error 2


Determining if the function tell exists failed with the following output:
Change Dir: /Users/dhorton/beachdog-enterprises/beachdog-networks/git/ssp/deps/mysql-connector-c-6.1.1-src/CMakeFiles/CMakeTmp

Run Build Command:/usr/bin/make "cmTryCompileExec/fast"
/usr/bin/make -f CMakeFiles/cmTryCompileExec.dir/build.make CMakeFiles/cmTryCompileExec.dir/build
"/Applications/CMake 2.8-5.app/Contents/bin/cmake" -E cmake_progress_report /Users/dhorton/beachdog-enterprises/beachdog-networks/git/ssp/deps/mysql-connector-c-6.1.1-src/CMakeFiles/CMakeTmp/CMakeFiles 1
Building C object CMakeFiles/cmTryCompileExec.dir/CheckFunctionExists.c.o
/usr/bin/gcc   -Wall  -DCHECK_FUNCTION_EXISTS=tell   -o CMakeFiles/cmTryCompileExec.dir/CheckFunctionExists.c.o   -c "/Applications/CMake 2.8-5.app/Contents/share/cmake-2.8/Modules/CheckFunctionExists.c"
Linking C executable cmTryCompileExec
"/Applications/CMake 2.8-5.app/Contents/bin/cmake" -E cmake_link_script CMakeFiles/cmTryCompileExec.dir/link.txt --verbose=1
/usr/bin/gcc    -Wall  -DCHECK_FUNCTION_EXISTS=tell -Wl,-search_paths_first -Wl,-headerpad_max_install_names   CMakeFiles/cmTryCompileExec.dir/CheckFunctionExists.c.o  -o cmTryCompileExec  -lpthread 
Undefined symbols for architecture x86_64:
  "_tell", referenced from:
      _main in CheckFunctionExists.c.o
ld: symbol(s) not found for architecture x86_64
collect2: ld returned 1 exit status
make[1]: *** [cmTryCompileExec] Error 1
make: *** [cmTryCompileExec/fast] Error 2


Determining if the function thr_setconcurrency exists failed with the following output:
Change Dir: /Users/dhorton/beachdog-enterprises/beachdog-networks/git/ssp/deps/mysql-connector-c-6.1.1-src/CMakeFiles/CMakeTmp

Run Build Command:/usr/bin/make "cmTryCompileExec/fast"
/usr/bin/make -f CMakeFiles/cmTryCompileExec.dir/build.make CMakeFiles/cmTryCompileExec.dir/build
"/Applications/CMake 2.8-5.app/Contents/bin/cmake" -E cmake_progress_report /Users/dhorton/beachdog-enterprises/beachdog-networks/git/ssp/deps/mysql-connector-c-6.1.1-src/CMakeFiles/CMakeTmp/CMakeFiles 1
Building C object CMakeFiles/cmTryCompileExec.dir/CheckFunctionExists.c.o
/usr/bin/gcc   -Wall  -DCHECK_FUNCTION_EXISTS=thr_setconcurrency   -o CMakeFiles/cmTryCompileExec.dir/CheckFunctionExists.c.o   -c "/Applications/CMake 2.8-5.app/Contents/share/cmake-2.8/Modules/CheckFunctionExists.c"
Linking C executable cmTryCompileExec
"/Applications/CMake 2.8-5.app/Contents/bin/cmake" -E cmake_link_script CMakeFiles/cmTryCompileExec.dir/link.txt --verbose=1
/usr/bin/gcc    -Wall  -DCHECK_FUNCTION_EXISTS=thr_setconcurrency -Wl,-search_paths_first -Wl,-headerpad_max_install_names   CMakeFiles/cmTryCompileExec.dir/CheckFunctionExists.c.o  -o cmTryCompileExec  -lpthread 
Undefined symbols for architecture x86_64:
  "_thr_setconcurrency", referenced from:
      _main in CheckFunctionExists.c.o
ld: symbol(s) not found for architecture x86_64
collect2: ld returned 1 exit status
make[1]: *** [cmTryCompileExec] Error 1
make: *** [cmTryCompileExec/fast] Error 2


Determining if the function thr_yield exists failed with the following output:
Change Dir: /Users/dhorton/beachdog-enterprises/beachdog-networks/git/ssp/deps/mysql-connector-c-6.1.1-src/CMakeFiles/CMakeTmp

Run Build Command:/usr/bin/make "cmTryCompileExec/fast"
/usr/bin/make -f CMakeFiles/cmTryCompileExec.dir/build.make CMakeFiles/cmTryCompileExec.dir/build
"/Applications/CMake 2.8-5.app/Contents/bin/cmake" -E cmake_progress_report /Users/dhorton/beachdog-enterprises/beachdog-networks/git/ssp/deps/mysql-connector-c-6.1.1-src/CMakeFiles/CMakeTmp/CMakeFiles 1
Building C object CMakeFiles/cmTryCompileExec.dir/CheckFunctionExists.c.o
/usr/bin/gcc   -Wall  -DCHECK_FUNCTION_EXISTS=thr_yield   -o CMakeFiles/cmTryCompileExec.dir/CheckFunctionExists.c.o   -c "/Applications/CMake 2.8-5.app/Contents/share/cmake-2.8/Modules/CheckFunctionExists.c"
Linking C executable cmTryCompileExec
"/Applications/CMake 2.8-5.app/Contents/bin/cmake" -E cmake_link_script CMakeFiles/cmTryCompileExec.dir/link.txt --verbose=1
/usr/bin/gcc    -Wall  -DCHECK_FUNCTION_EXISTS=thr_yield -Wl,-search_paths_first -Wl,-headerpad_max_install_names   CMakeFiles/cmTryCompileExec.dir/CheckFunctionExists.c.o  -o cmTryCompileExec  -lpthread 
Undefined symbols for architecture x86_64:
  "_thr_yield", referenced from:
      _main in CheckFunctionExists.c.o
ld: symbol(s) not found for architecture x86_64
collect2: ld returned 1 exit status
make[1]: *** [cmTryCompileExec] Error 1
make: *** [cmTryCompileExec/fast] Error 2


Determining if the function memalign exists failed with the following output:
Change Dir: /Users/dhorton/beachdog-enterprises/beachdog-networks/git/ssp/deps/mysql-connector-c-6.1.1-src/CMakeFiles/CMakeTmp

Run Build Command:/usr/bin/make "cmTryCompileExec/fast"
/usr/bin/make -f CMakeFiles/cmTryCompileExec.dir/build.make CMakeFiles/cmTryCompileExec.dir/build
"/Applications/CMake 2.8-5.app/Contents/bin/cmake" -E cmake_progress_report /Users/dhorton/beachdog-enterprises/beachdog-networks/git/ssp/deps/mysql-connector-c-6.1.1-src/CMakeFiles/CMakeTmp/CMakeFiles 1
Building C object CMakeFiles/cmTryCompileExec.dir/CheckFunctionExists.c.o
/usr/bin/gcc   -Wall  -DCHECK_FUNCTION_EXISTS=memalign   -o CMakeFiles/cmTryCompileExec.dir/CheckFunctionExists.c.o   -c "/Applications/CMake 2.8-5.app/Contents/share/cmake-2.8/Modules/CheckFunctionExists.c"
Linking C executable cmTryCompileExec
"/Applications/CMake 2.8-5.app/Contents/bin/cmake" -E cmake_link_script CMakeFiles/cmTryCompileExec.dir/link.txt --verbose=1
/usr/bin/gcc    -Wall  -DCHECK_FUNCTION_EXISTS=memalign -Wl,-search_paths_first -Wl,-headerpad_max_install_names   CMakeFiles/cmTryCompileExec.dir/CheckFunctionExists.c.o  -o cmTryCompileExec  -lpthread 
Undefined symbols for architecture x86_64:
  "_memalign", referenced from:
      _main in CheckFunctionExists.c.o
ld: symbol(s) not found for architecture x86_64
collect2: ld returned 1 exit status
make[1]: *** [cmTryCompileExec] Error 1
make: *** [cmTryCompileExec/fast] Error 2


Determining if the function ntohll exists failed with the following output:
Change Dir: /Users/dhorton/beachdog-enterprises/beachdog-networks/git/ssp/deps/mysql-connector-c-6.1.1-src/CMakeFiles/CMakeTmp

Run Build Command:/usr/bin/make "cmTryCompileExec/fast"
/usr/bin/make -f CMakeFiles/cmTryCompileExec.dir/build.make CMakeFiles/cmTryCompileExec.dir/build
"/Applications/CMake 2.8-5.app/Contents/bin/cmake" -E cmake_progress_report /Users/dhorton/beachdog-enterprises/beachdog-networks/git/ssp/deps/mysql-connector-c-6.1.1-src/CMakeFiles/CMakeTmp/CMakeFiles 1
Building C object CMakeFiles/cmTryCompileExec.dir/CheckFunctionExists.c.o
/usr/bin/gcc   -Wall  -DCHECK_FUNCTION_EXISTS=ntohll   -o CMakeFiles/cmTryCompileExec.dir/CheckFunctionExists.c.o   -c "/Applications/CMake 2.8-5.app/Contents/share/cmake-2.8/Modules/CheckFunctionExists.c"
Linking C executable cmTryCompileExec
"/Applications/CMake 2.8-5.app/Contents/bin/cmake" -E cmake_link_script CMakeFiles/cmTryCompileExec.dir/link.txt --verbose=1
/usr/bin/gcc    -Wall  -DCHECK_FUNCTION_EXISTS=ntohll -Wl,-search_paths_first -Wl,-headerpad_max_install_names   CMakeFiles/cmTryCompileExec.dir/CheckFunctionExists.c.o  -o cmTryCompileExec  -lpthread 
Undefined symbols for architecture x86_64:
  "_ntohll", referenced from:
      _main in CheckFunctionExists.c.o
ld: symbol(s) not found for architecture x86_64
collect2: ld returned 1 exit status
make[1]: *** [cmTryCompileExec] Error 1
make: *** [cmTryCompileExec/fast] Error 2


Determining if the function clock_gettime exists failed with the following output:
Change Dir: /Users/dhorton/beachdog-enterprises/beachdog-networks/git/ssp/deps/mysql-connector-c-6.1.1-src/CMakeFiles/CMakeTmp

Run Build Command:/usr/bin/make "cmTryCompileExec/fast"
/usr/bin/make -f CMakeFiles/cmTryCompileExec.dir/build.make CMakeFiles/cmTryCompileExec.dir/build
"/Applications/CMake 2.8-5.app/Contents/bin/cmake" -E cmake_progress_report /Users/dhorton/beachdog-enterprises/beachdog-networks/git/ssp/deps/mysql-connector-c-6.1.1-src/CMakeFiles/CMakeTmp/CMakeFiles 1
Building C object CMakeFiles/cmTryCompileExec.dir/CheckFunctionExists.c.o
/usr/bin/gcc   -Wall  -DCHECK_FUNCTION_EXISTS=clock_gettime   -o CMakeFiles/cmTryCompileExec.dir/CheckFunctionExists.c.o   -c "/Applications/CMake 2.8-5.app/Contents/share/cmake-2.8/Modules/CheckFunctionExists.c"
Linking C executable cmTryCompileExec
"/Applications/CMake 2.8-5.app/Contents/bin/cmake" -E cmake_link_script CMakeFiles/cmTryCompileExec.dir/link.txt --verbose=1
/usr/bin/gcc    -Wall  -DCHECK_FUNCTION_EXISTS=clock_gettime -Wl,-search_paths_first -Wl,-headerpad_max_install_names   CMakeFiles/cmTryCompileExec.dir/CheckFunctionExists.c.o  -o cmTryCompileExec  -lpthread 
Undefined symbols for architecture x86_64:
  "_clock_gettime", referenced from:
      _main in CheckFunctionExists.c.o
ld: symbol(s) not found for architecture x86_64
collect2: ld returned 1 exit status
make[1]: *** [cmTryCompileExec] Error 1
make: *** [cmTryCompileExec/fast] Error 2


Determining if the function epoll_create exists failed with the following output:
Change Dir: /Users/dhorton/beachdog-enterprises/beachdog-networks/git/ssp/deps/mysql-connector-c-6.1.1-src/CMakeFiles/CMakeTmp

Run Build Command:/usr/bin/make "cmTryCompileExec/fast"
/usr/bin/make -f CMakeFiles/cmTryCompileExec.dir/build.make CMakeFiles/cmTryCompileExec.dir/build
"/Applications/CMake 2.8-5.app/Contents/bin/cmake" -E cmake_progress_report /Users/dhorton/beachdog-enterprises/beachdog-networks/git/ssp/deps/mysql-connector-c-6.1.1-src/CMakeFiles/CMakeTmp/CMakeFiles 1
Building C object CMakeFiles/cmTryCompileExec.dir/CheckFunctionExists.c.o
/usr/bin/gcc   -Wall  -DCHECK_FUNCTION_EXISTS=epoll_create   -o CMakeFiles/cmTryCompileExec.dir/CheckFunctionExists.c.o   -c "/Applications/CMake 2.8-5.app/Contents/share/cmake-2.8/Modules/CheckFunctionExists.c"
Linking C executable cmTryCompileExec
"/Applications/CMake 2.8-5.app/Contents/bin/cmake" -E cmake_link_script CMakeFiles/cmTryCompileExec.dir/link.txt --verbose=1
/usr/bin/gcc    -Wall  -DCHECK_FUNCTION_EXISTS=epoll_create -Wl,-search_paths_first -Wl,-headerpad_max_install_names   CMakeFiles/cmTryCompileExec.dir/CheckFunctionExists.c.o  -o cmTryCompileExec  -lpthread 
Undefined symbols for architecture x86_64:
  "_epoll_create", referenced from:
      _main in CheckFunctionExists.c.o
ld: symbol(s) not found for architecture x86_64
collect2: ld returned 1 exit status
make[1]: *** [cmTryCompileExec] Error 1
make: *** [cmTryCompileExec/fast] Error 2


Determining if files asm/msr.h exist failed with the following output:
Change Dir: /Users/dhorton/beachdog-enterprises/beachdog-networks/git/ssp/deps/mysql-connector-c-6.1.1-src/CMakeFiles/CMakeTmp

Run Build Command:/usr/bin/make "cmTryCompileExec/fast"
/usr/bin/make -f CMakeFiles/cmTryCompileExec.dir/build.make CMakeFiles/cmTryCompileExec.dir/build
"/Applications/CMake 2.8-5.app/Contents/bin/cmake" -E cmake_progress_report /Users/dhorton/beachdog-enterprises/beachdog-networks/git/ssp/deps/mysql-connector-c-6.1.1-src/CMakeFiles/CMakeTmp/CMakeFiles 1
Building C object CMakeFiles/cmTryCompileExec.dir/CheckIncludeFiles.c.o
/usr/bin/gcc   -Wall     -o CMakeFiles/cmTryCompileExec.dir/CheckIncludeFiles.c.o   -c /Users/dhorton/beachdog-enterprises/beachdog-networks/git/ssp/deps/mysql-connector-c-6.1.1-src/CMakeFiles/CMakeTmp/CheckIncludeFiles.c
/Users/dhorton/beachdog-enterprises/beachdog-networks/git/ssp/deps/mysql-connector-c-6.1.1-src/CMakeFiles/CMakeTmp/CheckIncludeFiles.c:2:21: error: asm/msr.h: No such file or directory
make[1]: *** [CMakeFiles/cmTryCompileExec.dir/CheckIncludeFiles.c.o] Error 1
make: *** [cmTryCompileExec/fast] Error 2

Source:
/* */
#include <asm/msr.h>


int main(){return 0;}

Determining if files ia64intrin.h exist failed with the following output:
Change Dir: /Users/dhorton/beachdog-enterprises/beachdog-networks/git/ssp/deps/mysql-connector-c-6.1.1-src/CMakeFiles/CMakeTmp

Run Build Command:/usr/bin/make "cmTryCompileExec/fast"
/usr/bin/make -f CMakeFiles/cmTryCompileExec.dir/build.make CMakeFiles/cmTryCompileExec.dir/build
"/Applications/CMake 2.8-5.app/Contents/bin/cmake" -E cmake_progress_report /Users/dhorton/beachdog-enterprises/beachdog-networks/git/ssp/deps/mysql-connector-c-6.1.1-src/CMakeFiles/CMakeTmp/CMakeFiles 1
Building C object CMakeFiles/cmTryCompileExec.dir/CheckIncludeFiles.c.o
/usr/bin/gcc   -Wall     -o CMakeFiles/cmTryCompileExec.dir/CheckIncludeFiles.c.o   -c /Users/dhorton/beachdog-enterprises/beachdog-networks/git/ssp/deps/mysql-connector-c-6.1.1-src/CMakeFiles/CMakeTmp/CheckIncludeFiles.c
/Users/dhorton/beachdog-enterprises/beachdog-networks/git/ssp/deps/mysql-connector-c-6.1.1-src/CMakeFiles/CMakeTmp/CheckIncludeFiles.c:2:24: error: ia64intrin.h: No such file or directory
make[1]: *** [CMakeFiles/cmTryCompileExec.dir/CheckIncludeFiles.c.o] Error 1
make: *** [cmTryCompileExec/fast] Error 2

Source:
/* */
#include <ia64intrin.h>


int main(){return 0;}

Determining if the function rdtscll exists failed with the following output:
Change Dir: /Users/dhorton/beachdog-enterprises/beachdog-networks/git/ssp/deps/mysql-connector-c-6.1.1-src/CMakeFiles/CMakeTmp

Run Build Command:/usr/bin/make "cmTryCompileExec/fast"
/usr/bin/make -f CMakeFiles/cmTryCompileExec.dir/build.make CMakeFiles/cmTryCompileExec.dir/build
"/Applications/CMake 2.8-5.app/Contents/bin/cmake" -E cmake_progress_report /Users/dhorton/beachdog-enterprises/beachdog-networks/git/ssp/deps/mysql-connector-c-6.1.1-src/CMakeFiles/CMakeTmp/CMakeFiles 1
Building C object CMakeFiles/cmTryCompileExec.dir/CheckFunctionExists.c.o
/usr/bin/gcc   -Wall  -DCHECK_FUNCTION_EXISTS=rdtscll   -o CMakeFiles/cmTryCompileExec.dir/CheckFunctionExists.c.o   -c "/Applications/CMake 2.8-5.app/Contents/share/cmake-2.8/Modules/CheckFunctionExists.c"
Linking C executable cmTryCompileExec
"/Applications/CMake 2.8-5.app/Contents/bin/cmake" -E cmake_link_script CMakeFiles/cmTryCompileExec.dir/link.txt --verbose=1
/usr/bin/gcc    -Wall  -DCHECK_FUNCTION_EXISTS=rdtscll -Wl,-search_paths_first -Wl,-headerpad_max_install_names   CMakeFiles/cmTryCompileExec.dir/CheckFunctionExists.c.o  -o cmTryCompileExec  -lpthread 
Undefined symbols for architecture x86_64:
  "_rdtscll", referenced from:
      _main in CheckFunctionExists.c.o
ld: symbol(s) not found for architecture x86_64
collect2: ld returned 1 exit status
make[1]: *** [cmTryCompileExec] Error 1
make: *** [cmTryCompileExec/fast] Error 2


Determining if the system is big endian passed with the following output:
Change Dir: /Users/dhorton/beachdog-enterprises/beachdog-networks/git/ssp/deps/mysql-connector-c-6.1.1-src/CMakeFiles/CMakeTmp

Run Build Command:/usr/bin/make "cmTryCompileExec/fast"
/usr/bin/make -f CMakeFiles/cmTryCompileExec.dir/build.make CMakeFiles/cmTryCompileExec.dir/build
"/Applications/CMake 2.8-5.app/Contents/bin/cmake" -E cmake_progress_report /Users/dhorton/beachdog-enterprises/beachdog-networks/git/ssp/deps/mysql-connector-c-6.1.1-src/CMakeFiles/CMakeTmp/CMakeFiles 1
Building C object CMakeFiles/cmTryCompileExec.dir/TestEndianess.c.o
/usr/bin/gcc   -Wall     -o CMakeFiles/cmTryCompileExec.dir/TestEndianess.c.o   -c /Users/dhorton/beachdog-enterprises/beachdog-networks/git/ssp/deps/mysql-connector-c-6.1.1-src/CMakeFiles/CMakeTmp/TestEndianess.c
Linking C executable cmTryCompileExec
"/Applications/CMake 2.8-5.app/Contents/bin/cmake" -E cmake_link_script CMakeFiles/cmTryCompileExec.dir/link.txt --verbose=1
/usr/bin/gcc    -Wall   -Wl,-search_paths_first -Wl,-headerpad_max_install_names   CMakeFiles/cmTryCompileExec.dir/TestEndianess.c.o  -o cmTryCompileExec  

TestEndianess.c:
/* A 16 bit integer is required. */
typedef unsigned short cmakeint16;

/* On a little endian machine, these 16bit ints will give "THIS IS LITTLE ENDIAN."
   On a big endian machine the characters will be exchanged pairwise. */
const cmakeint16 info_little[] =  {0x4854, 0x5349, 0x4920, 0x2053, 0x494c, 0x5454, 0x454c, 0x4520, 0x444e, 0x4149, 0x2e4e, 0x0000};

/* on a big endian machine, these 16bit ints will give "THIS IS BIG ENDIAN."
   On a little endian machine the characters will be exchanged pairwise. */
const cmakeint16 info_big[] =     {0x5448, 0x4953, 0x2049, 0x5320, 0x4249, 0x4720, 0x454e, 0x4449, 0x414e, 0x2e2e, 0x0000};

#ifdef __CLASSIC_C__
int main(argc, argv) int argc; char *argv[];
#else
int main(int argc, char *argv[])
#endif
{
  int require = 0;
  require += info_little[argc];
  require += info_big[argc];
  (void)argv;
  return require;
}


Determining size of ulong failed with the following output:
Change Dir: /Users/dhorton/beachdog-enterprises/beachdog-networks/git/ssp/deps/mysql-connector-c-6.1.1-src/CMakeFiles/CMakeTmp

Run Build Command:/usr/bin/make "cmTryCompileExec/fast"
/usr/bin/make -f CMakeFiles/cmTryCompileExec.dir/build.make CMakeFiles/cmTryCompileExec.dir/build
"/Applications/CMake 2.8-5.app/Contents/bin/cmake" -E cmake_progress_report /Users/dhorton/beachdog-enterprises/beachdog-networks/git/ssp/deps/mysql-connector-c-6.1.1-src/CMakeFiles/CMakeTmp/CMakeFiles 1
Building C object CMakeFiles/cmTryCompileExec.dir/SIZEOF_ULONG.c.o
/usr/bin/gcc  -D_LARGEFILE_SOURCE -D_LARGE_FILES -D_FILE_OFFSET_BITS=64 -D__STDC_LIMIT_MACROS -D__STDC_CONSTANT_MACROS -D__STDC_FORMAT_MACROS -Wall     -o CMakeFiles/cmTryCompileExec.dir/SIZEOF_ULONG.c.o   -c /Users/dhorton/beachdog-enterprises/beachdog-networks/git/ssp/deps/mysql-connector-c-6.1.1-src/CMakeFiles/CheckTypeSize/SIZEOF_ULONG.c
/Users/dhorton/beachdog-enterprises/beachdog-networks/git/ssp/deps/mysql-connector-c-6.1.1-src/CMakeFiles/CheckTypeSize/SIZEOF_ULONG.c:21: error: ‘ulong’ undeclared here (not in a function)
make[1]: *** [CMakeFiles/cmTryCompileExec.dir/SIZEOF_ULONG.c.o] Error 1
make: *** [cmTryCompileExec/fast] Error 2

/Users/dhorton/beachdog-enterprises/beachdog-networks/git/ssp/deps/mysql-connector-c-6.1.1-src/CMakeFiles/CheckTypeSize/SIZEOF_ULONG.c:
#include <sys/types.h>
#include <stdint.h>
#include <stddef.h>
#include "stdio.h"
#include "sys/types.h"


#undef KEY
#if defined(__i386)
# define KEY '_','_','i','3','8','6'
#elif defined(__x86_64)
# define KEY '_','_','x','8','6','_','6','4'
#elif defined(__ppc__)
# define KEY '_','_','p','p','c','_','_'
#elif defined(__ppc64__)
# define KEY '_','_','p','p','c','6','4','_','_'
#endif

#define SIZE (sizeof(ulong))
char info_size[] =  {'I', 'N', 'F', 'O', ':', 's','i','z','e','[',
  ('0' + ((SIZE / 10000)%10)),
  ('0' + ((SIZE / 1000)%10)),
  ('0' + ((SIZE / 100)%10)),
  ('0' + ((SIZE / 10)%10)),
  ('0' +  (SIZE    % 10)),
  ']',
#ifdef KEY
  ' ','k','e','y','[', KEY, ']',
#endif
  '\0'};

#ifdef __CLASSIC_C__
int main(argc, argv) int argc; char *argv[];
#else
int main(int argc, char *argv[])
#endif
{
  int require = 0;
  require += info_size[argc];
  (void)argv;
  return require;
}


Performing C SOURCE FILE Test TIME_T_UNSIGNED failed with the following output:
Change Dir: /Users/dhorton/beachdog-enterprises/beachdog-networks/git/ssp/deps/mysql-connector-c-6.1.1-src/CMakeFiles/CMakeTmp

Run Build Command:/usr/bin/make "cmTryCompileExec/fast"
/usr/bin/make -f CMakeFiles/cmTryCompileExec.dir/build.make CMakeFiles/cmTryCompileExec.dir/build
"/Applications/CMake 2.8-5.app/Contents/bin/cmake" -E cmake_progress_report /Users/dhorton/beachdog-enterprises/beachdog-networks/git/ssp/deps/mysql-connector-c-6.1.1-src/CMakeFiles/CMakeTmp/CMakeFiles 1
Building C object CMakeFiles/cmTryCompileExec.dir/src.c.o
/usr/bin/gcc  -D_LARGEFILE_SOURCE -D_LARGE_FILES -D_FILE_OFFSET_BITS=64 -D__STDC_LIMIT_MACROS -D__STDC_CONSTANT_MACROS -D__STDC_FORMAT_MACROS -Wall  -DTIME_T_UNSIGNED   -o CMakeFiles/cmTryCompileExec.dir/src.c.o   -c /Users/dhorton/beachdog-enterprises/beachdog-networks/git/ssp/deps/mysql-connector-c-6.1.1-src/CMakeFiles/CMakeTmp/src.c
/Users/dhorton/beachdog-enterprises/beachdog-networks/git/ssp/deps/mysql-connector-c-6.1.1-src/CMakeFiles/CMakeTmp/src.c: In function ‘main’:
/Users/dhorton/beachdog-enterprises/beachdog-networks/git/ssp/deps/mysql-connector-c-6.1.1-src/CMakeFiles/CMakeTmp/src.c:5: error: size of array ‘array’ is negative
/Users/dhorton/beachdog-enterprises/beachdog-networks/git/ssp/deps/mysql-connector-c-6.1.1-src/CMakeFiles/CMakeTmp/src.c:5: warning: unused variable ‘array’
make[1]: *** [CMakeFiles/cmTryCompileExec.dir/src.c.o] Error 1
make: *** [cmTryCompileExec/fast] Error 2

Source file was:

#include <time.h>
int main()
{
  int array[(((time_t)-1) > 0) ? 1 : -1];
  return 0;
}
Performing C++ SOURCE FILE Test HAVE_PTHREAD_YIELD_ZERO_ARG failed with the following output:
Change Dir: /Users/dhorton/beachdog-enterprises/beachdog-networks/git/ssp/deps/mysql-connector-c-6.1.1-src/CMakeFiles/CMakeTmp

Run Build Command:/usr/bin/make "cmTryCompileExec/fast"
/usr/bin/make -f CMakeFiles/cmTryCompileExec.dir/build.make CMakeFiles/cmTryCompileExec.dir/build
"/Applications/CMake 2.8-5.app/Contents/bin/cmake" -E cmake_progress_report /Users/dhorton/beachdog-enterprises/beachdog-networks/git/ssp/deps/mysql-connector-c-6.1.1-src/CMakeFiles/CMakeTmp/CMakeFiles 1
Building CXX object CMakeFiles/cmTryCompileExec.dir/src.cxx.o
/usr/bin/c++   -D_LARGEFILE_SOURCE -D_LARGE_FILES -D_FILE_OFFSET_BITS=64 -D__STDC_LIMIT_MACROS -D__STDC_CONSTANT_MACROS -D__STDC_FORMAT_MACROS -Wall -Wno-null-conversion -Wno-unused-private-field  -DHAVE_PTHREAD_YIELD_ZERO_ARG   -o CMakeFiles/cmTryCompileExec.dir/src.cxx.o -c /Users/dhorton/beachdog-enterprises/beachdog-networks/git/ssp/deps/mysql-connector-c-6.1.1-src/CMakeFiles/CMakeTmp/src.cxx
/Users/dhorton/beachdog-enterprises/beachdog-networks/git/ssp/deps/mysql-connector-c-6.1.1-src/CMakeFiles/CMakeTmp/src.cxx:5:3: error: use of undeclared identifier 'pthread_yield'
  pthread_yield();
  ^
1 error generated.
make[1]: *** [CMakeFiles/cmTryCompileExec.dir/src.cxx.o] Error 1
make: *** [cmTryCompileExec/fast] Error 2

Source file was:

#include <pthread.h>
int main()
{
  pthread_yield();
  return 0;
}

Performing C SOURCE FILE Test HAVE_BSS_START failed with the following output:
Change Dir: /Users/dhorton/beachdog-enterprises/beachdog-networks/git/ssp/deps/mysql-connector-c-6.1.1-src/CMakeFiles/CMakeTmp

Run Build Command:/usr/bin/make "cmTryCompileExec/fast"
/usr/bin/make -f CMakeFiles/cmTryCompileExec.dir/build.make CMakeFiles/cmTryCompileExec.dir/build
"/Applications/CMake 2.8-5.app/Contents/bin/cmake" -E cmake_progress_report /Users/dhorton/beachdog-enterprises/beachdog-networks/git/ssp/deps/mysql-connector-c-6.1.1-src/CMakeFiles/CMakeTmp/CMakeFiles 1
Building C object CMakeFiles/cmTryCompileExec.dir/src.c.o
/usr/bin/gcc  -D_LARGEFILE_SOURCE -D_LARGE_FILES -D_FILE_OFFSET_BITS=64 -D__STDC_LIMIT_MACROS -D__STDC_CONSTANT_MACROS -D__STDC_FORMAT_MACROS -Wall  -DHAVE_BSS_START   -o CMakeFiles/cmTryCompileExec.dir/src.c.o   -c /Users/dhorton/beachdog-enterprises/beachdog-networks/git/ssp/deps/mysql-connector-c-6.1.1-src/CMakeFiles/CMakeTmp/src.c
Linking C executable cmTryCompileExec
"/Applications/CMake 2.8-5.app/Contents/bin/cmake" -E cmake_link_script CMakeFiles/cmTryCompileExec.dir/link.txt --verbose=1
/usr/bin/gcc    -Wall  -DHAVE_BSS_START -Wl,-search_paths_first -Wl,-headerpad_max_install_names   CMakeFiles/cmTryCompileExec.dir/src.c.o  -o cmTryCompileExec  -lpthread 
Undefined symbols for architecture x86_64:
  "___bss_start", referenced from:
      _main in src.c.o
ld: symbol(s) not found for architecture x86_64
collect2: ld returned 1 exit status
make[1]: *** [cmTryCompileExec] Error 1
make: *** [cmTryCompileExec/fast] Error 2

Source file was:

  int main(int argc, char **argv) 
  {
    extern char *__bss_start;
    return __bss_start ? 1 : 0;
  }
Performing C++ SOURCE FILE Test HAVE_SOLARIS_STYLE_GETHOST failed with the following output:
Change Dir: /Users/dhorton/beachdog-enterprises/beachdog-networks/git/ssp/deps/mysql-connector-c-6.1.1-src/CMakeFiles/CMakeTmp

Run Build Command:/usr/bin/make "cmTryCompileExec/fast"
/usr/bin/make -f CMakeFiles/cmTryCompileExec.dir/build.make CMakeFiles/cmTryCompileExec.dir/build
"/Applications/CMake 2.8-5.app/Contents/bin/cmake" -E cmake_progress_report /Users/dhorton/beachdog-enterprises/beachdog-networks/git/ssp/deps/mysql-connector-c-6.1.1-src/CMakeFiles/CMakeTmp/CMakeFiles 1
Building CXX object CMakeFiles/cmTryCompileExec.dir/src.cxx.o
/usr/bin/c++   -D_LARGEFILE_SOURCE -D_LARGE_FILES -D_FILE_OFFSET_BITS=64 -D__STDC_LIMIT_MACROS -D__STDC_CONSTANT_MACROS -D__STDC_FORMAT_MACROS -Wall -Wno-null-conversion -Wno-unused-private-field  -DHAVE_SOLARIS_STYLE_GETHOST   -o CMakeFiles/cmTryCompileExec.dir/src.cxx.o -c /Users/dhorton/beachdog-enterprises/beachdog-networks/git/ssp/deps/mysql-connector-c-6.1.1-src/CMakeFiles/CMakeTmp/src.cxx
/Users/dhorton/beachdog-enterprises/beachdog-networks/git/ssp/deps/mysql-connector-c-6.1.1-src/CMakeFiles/CMakeTmp/src.cxx:16:8: error: use of undeclared identifier 'gethostbyaddr_r'
       gethostbyaddr_r((const char *) 0,
       ^
1 error generated.
make[1]: *** [CMakeFiles/cmTryCompileExec.dir/src.cxx.o] Error 1
make: *** [cmTryCompileExec/fast] Error 2

Source file was:

    #undef inline
    #if !defined(__osf__) && !defined(_REENTRANT)
    #define _REENTRANT
    #endif
    #include <pthread.h>
    #include <sys/types.h>
    #include <sys/socket.h>
    #include <netinet/in.h>
    #include <arpa/inet.h>
    #include <netdb.h>
    int main()
    {

       struct hostent *foo =
       gethostbyaddr_r((const char *) 0,
          0, 0, (struct hostent *) 0, (char *) NULL,  0, (int *)0);
       return 0;
    }
  
Determining if the include file netinet/in6.h exists failed with the following output:
Change Dir: /Users/dhorton/beachdog-enterprises/beachdog-networks/git/ssp/deps/mysql-connector-c-6.1.1-src/CMakeFiles/CMakeTmp

Run Build Command:/usr/bin/make "cmTryCompileExec/fast"
/usr/bin/make -f CMakeFiles/cmTryCompileExec.dir/build.make CMakeFiles/cmTryCompileExec.dir/build
"/Applications/CMake 2.8-5.app/Contents/bin/cmake" -E cmake_progress_report /Users/dhorton/beachdog-enterprises/beachdog-networks/git/ssp/deps/mysql-connector-c-6.1.1-src/CMakeFiles/CMakeTmp/CMakeFiles 1
Building C object CMakeFiles/cmTryCompileExec.dir/CheckIncludeFile.c.o
/usr/bin/gcc  -D_LARGEFILE_SOURCE -D_LARGE_FILES -D_FILE_OFFSET_BITS=64 -D__STDC_LIMIT_MACROS -D__STDC_CONSTANT_MACROS -D__STDC_FORMAT_MACROS -Wall     -o CMakeFiles/cmTryCompileExec.dir/CheckIncludeFile.c.o   -c /Users/dhorton/beachdog-enterprises/beachdog-networks/git/ssp/deps/mysql-connector-c-6.1.1-src/CMakeFiles/CMakeTmp/CheckIncludeFile.c
/Users/dhorton/beachdog-enterprises/beachdog-networks/git/ssp/deps/mysql-connector-c-6.1.1-src/CMakeFiles/CMakeTmp/CheckIncludeFile.c:1:25: error: netinet/in6.h: No such file or directory
make[1]: *** [CMakeFiles/cmTryCompileExec.dir/CheckIncludeFile.c.o] Error 1
make: *** [cmTryCompileExec/fast] Error 2


